#
# A fatal error has been detected by the Java Runtime Environment:
#
#  EXCEPTION_ACCESS_VIOLATION (0xc0000005) at pc=0x00007ffc0c39c240, pid=23376, tid=23632
#
# JRE version: OpenJDK Runtime Environment JBR-17.0.8+7-1000.8-jcef (17.0.8+7) (build 17.0.8+7-b1000.8)
# Java VM: OpenJDK 64-Bit Server VM JBR-17.0.8+7-1000.8-jcef (17.0.8+7-b1000.8, mixed mode, tiered, compressed oops, compressed class ptrs, g1 gc, windows-amd64)
# Problematic frame:
# V  [jvm.dll+0xb3c240]
#
# No core dump will be written. Minidumps are not enabled by default on client versions of Windows
#
# If you would like to submit a bug report, please visit:
#   https://youtrack.jetbrains.com/issues/JBR
# The crash happened outside the Java Virtual Machine in native code.
# See problematic frame for where to report the bug.
#

---------------  S U M M A R Y ------------

Command Line: --enable-native-access=javafx.graphics --module-path=C:\Users\LENOVO\.m2\repository\org\openjfx\javafx-base\21.0.2\javafx-base-21.0.2-win.jar;C:\Users\LENOVO\.m2\repository\org\openjfx\javafx-base\21.0.2\javafx-base-21.0.2.jar;C:\Users\LENOVO\.m2\repository\org\openjfx\javafx-controls\21.0.2\javafx-controls-21.0.2-win.jar;C:\Users\LENOVO\.m2\repository\org\openjfx\javafx-controls\21.0.2\javafx-controls-21.0.2.jar;C:\Users\LENOVO\.m2\repository\org\openjfx\javafx-fxml\21.0.2\javafx-fxml-21.0.2-win.jar;C:\Users\LENOVO\.m2\repository\org\openjfx\javafx-fxml\21.0.2\javafx-fxml-21.0.2.jar;C:\Users\LENOVO\.m2\repository\org\openjfx\javafx-graphics\21.0.2\javafx-graphics-21.0.2-win.jar;C:\Users\LENOVO\.m2\repository\org\openjfx\javafx-graphics\21.0.2\javafx-graphics-21.0.2.jar;C:\Users\LENOVO\.m2\repository\org\openjfx\javafx-media\21.0.2\javafx-media-21.0.2-win.jar;C:\Users\LENOVO\.m2\repository\org\openjfx\javafx-media\21.0.2\javafx-media-21.0.2.jar --add-modules=javafx.base,javafx.controls,javafx.fxml,javafx.graphics,javafx.media org.example.mains.MainFX

Host: 13th Gen Intel(R) Core(TM) i7-13650HX, 20 cores, 23G,  Windows 11 , 64 bit Build 26100 (10.0.26100.8246)
Time: Mon Apr 27 20:28:10 2026 Paris, Madrid (heure duild 26100 (10.0.26100.8246) elapsed time: 26.032771 seconds (0d 0h 0m 26s)

---------------  T H R E A D  ---------------

Current thread (0x000001bd926b2cf0):  JavaThread "Thread-10" daemon [_thread_in_native, id=23632, stack(0x000000b953600000,0x000000b953700000)]

Stack: [0x000000b953600000,0x000000b953700000],  sp=0x000000b9536fe758,  free space=1017k
Native frames: (J=compiled Java code, j=interpreted, Vv=VM code, C=native code)
V  [jvm.dll+0xb3c240]

Java frames: (J=compiled Java code, j=interpreted, Vv=VM code)
j  com.sun.media.jfxmediaimpl.platform.gstreamer.GSTMedia.gstInitNativeMedia(Lcom/sun/media/jfxmedia/locator/Locator;Ljava/lang/String;J[J)I+0 javafx.media@21.0.2
j  com.sun.media.jfxmediaimpl.platform.gstreamer.GSTMedia.init()V+20 javafx.media@21.0.2
j  com.sun.media.jfxmediaimpl.platform.gstreamer.GSTMedia.<init>(Lcom/sun/media/jfxmedia/locator/Locator;)V+17 javafx.media@21.0.2
j  com.sun.media.jfxmediaimpl.platform.gstreamer.GSTMediaPlayer.<init>(Lcom/sun/media/jfxmedia/locator/Locator;)V+6 javafx.media@21.0.2
j  com.sun.media.jfxmediaimpl.platform.gstreamer.GSTPlatform.createMediaPlayer(Lcom/sun/media/jfxmedia/locator/Locator;)Lcom/sun/media/jfxmedia/MediaPlayer;+5 javafx.media@21.0.2
j  com.sun.media.jfxmediaimpl.platform.PlatformManager.createMediaPlayer(Lcom/sun/media/jfxmedia/locator/Locator;)Lcom/sun/media/jfxmedia/MediaPlayer;+64 javafx.media@21.0.2
j  com.sun.media.jfxmediaimpl.NativeMediaManager.getPlayer(Lcom/sun/media/jfxmedia/locator/Locator;)Lcom/sun/media/jfxmedia/MediaPlayer;+7 javafx.media@21.0.2
j  com.sun.media.jfxmedia.MediaManager.getPlayer(Lcom/sun/media/jfxmedia/locator/Locator;)Lcom/sun/media/jfxmedia/MediaPlayer;+18 javafx.media@21.0.2
j  javafx.scene.media.MediaPlayer.init()V+34 javafx.media@21.0.2
j  javafx.scene.media.MediaPlayer$InitMediaPlayer.run()V+4 javafx.media@21.0.2
j  java.lang.Thread.run()V+11 java.base@17.0.8
v  ~StubRoutines::call_stub

siginfo: EXCEPTION_ACCESS_VIOLATION (0xc0000005), data execution prevention violation at address 0x00007ffc0c39c240


Register to memory mapping:

RIP=0x00007ffc0c39c240 jvm.dll
RAX=0x0000000000000002 is an unknown value
RBX=0x000001bda627dbd0 points into unknown readable memory: 0x0000000040000002 | 02 00 00 40 00 00 00 00
RCX=0x000001bda627dbd0 points into unknown readable memory: 0x0000000040000002 | 02 00 00 40 00 00 00 00
RDX=0x0 is NULL
RSP=0x000000b9536fe758 is pointing into the stack for thread: 0x000001bd926b2cf0
RBP=0x0000000000000002 is an unknown value
RSI=0x00007ffc0c39c240 jvm.dll
RDI=0x0 is NULL
R8 =0x000001bda5bf8f60 points into unknown readable memory: 0x000001bd9224a500 | 00 a5 24 92 bd 01 00 00
R9 =0x000000b9536fea38 is pointing into the stack for thread: 0x000001bd926b2cf0
R10=0x000001bddcb60000 points into unknown readable memory: 0x0000000000000000 | 00 00 00 00 00 00 00 00
R11=0x0 is NULL
R12=0x000000b9536fea38 is pointing into the stack for thread: 0x000001bd926b2cf0
R13=0x000001bda5bf8f60 points into unknown readable memory: 0x000001bd9224a500 | 00 a5 24 92 bd 01 00 00
R14=0x0000000040000000 is an unknown value
R15=0x000001bdfa54d8c0 points into unknown readable memory: 0x000001bdfa543970 | 70 39 54 fa bd 01 00 00


Registers:
RAX=0x0000000000000002, RBX=0x000001bda627dbd0, RCX=0x000001bda627dbd0, RDX=0x0000000000000000
RSP=0x000000b9536fe758, RBP=0x0000000000000002, RSI=0x00007ffc0c39c240, RDI=0x0000000000000000
R8 =0x000001bda5bf8f60, R9 =0x000000b9536fea38, R10=0x000001bddcb60000, R11=0x0000000000000000
R12=0x000000b9536fea38, R13=0x000001bda5bf8f60, R14=0x0000000040000000, R15=0x000001bdfa54d8c0
RIP=0x00007ffc0c39c240, EFLAGS=0x0000000000010246

Top of Stack: (sp=0x000000b9536fe758)
0x000000b9536fe758:   00007ffc1ac0ecd2 000000b9536fea68
0x000000b9536fe768:   00007ffc1abef151 000000b9536fe7d0
0x000000b9536fe778:   000000b9536fe820 000001bdfa54d8c0
0x000000b9536fe788:   0000000000000002 000001bda6dbb030
0x000000b9536fe798:   00007ffc1ac12e07 0000000000000004
0x000000b9536fe7a8:   0000000000000001 000001bda627dbd0
0x000000b9536fe7b8:   0000000000000000 000000b9536fea38
0x000000b9536fe7c8:   00007ffc1ac1a59d 0000000000000000
0x000000b9536fe7d8:   0000000000000000 000000b9536fe800
0x000000b9536fe7e8:   00007ffc1ac78ce8 0000000000000002
0x000000b9536fe7f8:   000001bda6dbb030 0000000c00040802
0x000000b9536fe808:   000001bda5bf8f60 0000000000000000
0x000000b9536fe818:   0000000000000000 0000000000000000
0x000000b9536fe828:   000000b9536fe818 000001bd00000000
0x000000b9536fe838:   0000000000000004 000000b900000000
0x000000b9536fe848:   000001bda6dbb100 000100880000000c 

Instructions: (pc=0x00007ffc0c39c240)
0x00007ffc0c39c140:   00 00 00 00 00 00 00 00 00 00 00 00 08 00 00 00
0x00007ffc0c39c150:   ff ff 3f 3f ff ff ff ff ff ff ff ff ff ff ff ff
0x00007ffc0c39c160:   ff ff ff ff ff ff ff ff ff ff ff ff ff ff ff ff
0x00007ffc0c39c170:   ff ff ff ff ff ff ff ff ff ff ff ff ff ff ff ff
0x00007ffc0c39c180:   ff ff ff ff ff ff ff ff ff ff ff ff ff ff ff ff
0x00007ffc0c39c190:   ff ff ff ff ff 7f 00 00 00 00 00 00 00 00 00 00
0x00007ffc0c39c1a0:   00 00 00 00 00 00 00 00 00 00 00 00 08 00 00 00
0x00007ffc0c39c1b0:   00 00 00 c0 00 00 00 00 00 00 00 00 00 00 00 00
0x00007ffc0c39c1c0:   00 00 00 00 00 00 00 00 00 00 00 00 00 00 00 00
0x00007ffc0c39c1d0:   00 00 00 00 00 00 00 00 00 00 00 00 00 00 00 00
0x00007ffc0c39c1e0:   00 00 00 00 00 00 00 00 00 00 00 00 00 00 00 00
0x00007ffc0c39c1f0:   00 00 00 00 00 00 00 00 00 00 00 00 00 00 00 00
0x00007ffc0c39c200:   00 00 00 00 00 00 00 00 00 00 00 00 00 00 00 00
0x00007ffc0c39c210:   30 da 20 0c fc 7f 00 00 05 00 00 00 00 00 00 00
0x00007ffc0c39c220:   38 da 20 0c fc 7f 00 00 05 00 00 00 00 00 00 00
0x00007ffc0c39c230:   35 da 20 0c fc 7f 00 00 01 00 00 00 00 00 00 00
0x00007ffc0c39c240:   36 da 20 0c fc 7f 00 00 01 00 00 00 00 00 00 00
0x00007ffc0c39c250:   40 da 20 0c fc 7f 00 00 02 00 00 00 00 00 00 00
0x00007ffc0c39c260:   37 da 20 0c fc 7f 00 00 01 00 00 00 00 00 00 00
0x00007ffc0c39c270:   44 da 20 0c fc 7f 00 00 02 00 00 00 00 00 00 00
0x00007ffc0c39c280:   3d da 20 0c fc 7f 00 00 01 00 00 00 00 00 00 00
0x00007ffc0c39c290:   00 01 00 00 00 00 00 00 00 00 00 00 00 00 00 00
0x00007ffc0c39c2a0:   e0 e5 20 0c fc 7f 00 00 00 00 00 00 00 00 00 00
0x00007ffc0c39c2b0:   00 00 00 00 00 00 00 00 00 00 00 00 00 00 00 00
0x00007ffc0c39c2c0:   00 00 00 00 00 00 00 00 00 00 00 00 00 00 00 00
0x00007ffc0c39c2d0:   00 00 00 00 00 00 00 00 00 00 00 00 00 00 00 00
0x00007ffc0c39c2e0:   00 00 00 00 01 00 00 00 02 00 00 00 00 00 00 00
0x00007ffc0c39c2f0:   94 68 20 0c fc 7f 00 00 58 fe 20 0c fc 7f 00 00
0x00007ffc0c39c300:   20 00 ea 0b fc 7f 00 00 8c fe 20 0c fc 7f 00 00
0x00007ffc0c39c310:   98 fe 20 0c fc 7f 00 00 80 02 ea 0b fc 7f 00 00
0x00007ffc0c39c320:   10 6b 20 0c fc 7f 00 00 c0 fe 20 0c fc 7f 00 00
0x00007ffc0c39c330:   20 04 ea 0b fc 7f 00 00 10 ff 20 0c fc 7f 00 00 


Stack slot to memory mapping:
stack at sp + 0 slots: 0x00007ffc1ac0ecd2 points into unknown readable memory: 41 85 ee 75 27 0f
stack at sp + 1 slots: 0x000000b9536fea68 is pointing into the stack for thread: 0x000001bd926b2cf0
stack at sp + 2 slots: 0x00007ffc1abef151 points into unknown readable memory: 83 e0 03 48 83 c4 28
stack at sp + 3 slots: 0x000000b9536fe7d0 is pointing into the stack for thread: 0x000001bd926b2cf0
stack at sp + 4 slots: 0x000000b9536fe820 is pointing into the stack for thread: 0x000001bd926b2cf0
stack at sp + 5 slots: 0x000001bdfa54d8c0 points into unknown readable memory: 0x000001bdfa543970 | 70 39 54 fa bd 01 00 00
stack at sp + 6 slots: 0x0000000000000002 is an unknown value
stack at sp + 7 slots: 0x000001bda6dbb030 points into unknown readable memory: 0x000001bd917c78d0 | d0 78 7c 91 bd 01 00 00


---------------  P R O C E S S  ---------------

Threads class SMR info:
_java_thread_list=0x000001bd9c5c14b0, length=37, elements={
0x000001bddefb0190, 0x000001bdfd70e630, 0x000001bdfd711110, 0x000001bdfd767690,
0x000001bdfd767f60, 0x000001bdfd768920, 0x000001bdfd7692e0, 0x000001bdfd76a080,
0x000001bdfd76ab30, 0x000001bdfd791020, 0x000001bdfd89cef0, 0x000001bd8a9b4270,
0x000001bd8ac15190, 0x000001bd8b47c410, 0x000001bd8b47d900, 0x000001bd8b7b6430,
0x000001bd8b8a7ef0, 0x000001bd90c8b3d0, 0x000001bd90c8aec0, 0x000001bd90c8bdf0,
0x000001bd8ae42160, 0x000001bd8a40ee80, 0x000001bd8a9fcae0, 0x000001bd9155ee10,
0x000001bd92731c80, 0x000001bd90eb1470, 0x000001bd90c89f90, 0x000001bd926b2cf0,
0x000001bd90eb0480, 0x000001bd90eb19c0, 0x000001bda5cf2870, 0x000001bda5cf0de0,
0x000001bd926b3c20, 0x000001bd926b3200, 0x000001bd926b4130, 0x000001bd926b5060,
0x000001bd926b5a80
}

Java Threads: ( => current thread )
  0x000001bddefb0190 JavaThread "main" [_thread_blocked, id=1584, stack(0x000000b94df00000,0x000000b94e000000)]
  0x000001bdfd70e630 JavaThread "Reference Handler" daemon [_thread_blocked, id=3192, stack(0x000000b94e600000,0x000000b94e700000)]
  0x000001bdfd711110 JavaThread "Finalizer" daemon [_thread_blocked, id=28784, stack(0x000000b94e700000,0x000000b94e800000)]
  0x000001bdfd767690 JavaThread "Signal Dispatcher" daemon [_thread_blocked, id=6648, stack(0x000000b94e800000,0x000000b94e900000)]
  0x000001bdfd767f60 JavaThread "Attach Listener" daemon [_thread_blocked, id=9048, stack(0x000000b94e900000,0x000000b94ea00000)]
  0x000001bdfd768920 JavaThread "Service Thread" daemon [_thread_blocked, id=23380, stack(0x000000b94ea00000,0x000000b94eb00000)]
  0x000001bdfd7692e0 JavaThread "Monitor Deflation Thread" daemon [_thread_blocked, id=10872, stack(0x000000b94eb00000,0x000000b94ec00000)]
  0x000001bdfd76a080 JavaThread "C2 CompilerThread0" daemon [_thread_blocked, id=5272, stack(0x000000b94ec00000,0x000000b94ed00000)]
  0x000001bdfd76ab30 JavaThread "C1 CompilerThread0" daemon [_thread_blocked, id=4852, stack(0x000000b94ed00000,0x000000b94ee00000)]
  0x000001bdfd791020 JavaThread "Sweeper thread" daemon [_thread_blocked, id=21248, stack(0x000000b94ee00000,0x000000b94ef00000)]
  0x000001bdfd89cef0 JavaThread "Common-Cleaner" daemon [_thread_blocked, id=8584, stack(0x000000b94ef00000,0x000000b94f000000)]
  0x000001bd8a9b4270 JavaThread "Notification Thread" daemon [_thread_blocked, id=3744, stack(0x000000b94f800000,0x000000b94f900000)]
  0x000001bd8ac15190 JavaThread "QuantumRenderer-0" daemon [_thread_blocked, id=21540, stack(0x000000b94fa00000,0x000000b94fb00000)]
  0x000001bd8b47c410 JavaThread "InvokeLaterDispatcher" daemon [_thread_blocked, id=29484, stack(0x000000b94f300000,0x000000b94f400000)]
  0x000001bd8b47d900 JavaThread "JavaFX Application Thread" [_thread_in_native, id=25776, stack(0x000000b94f400000,0x000000b94f500000)]
  0x000001bd8b7b6430 JavaThread "JavaFX-Launcher" [_thread_blocked, id=24688, stack(0x000000b951100000,0x000000b951200000)]
  0x000001bd8b8a7ef0 JavaThread "Thread-2" daemon [_thread_in_native, id=11664, stack(0x000000b951000000,0x000000b951100000)]
  0x000001bd90c8b3d0 JavaThread "mysql-cj-abandoned-connection-cleanup" daemon [_thread_blocked, id=23268, stack(0x000000b951a00000,0x000000b951b00000)]
  0x000001bd90c8aec0 JavaThread "Prism Font Disposer" daemon [_thread_blocked, id=6084, stack(0x000000b952600000,0x000000b952700000)]
  0x000001bd90c8bdf0 JavaThread "Cleaner-0" daemon [_thread_blocked, id=19748, stack(0x000000b952900000,0x000000b952a00000)]
  0x000001bd8ae42160 JavaThread "C1 CompilerThread1" daemon [_thread_blocked, id=27744, stack(0x000000b94f100000,0x000000b94f200000)]
  0x000001bd8a40ee80 JavaThread "C1 CompilerThread2" daemon [_thread_blocked, id=7408, stack(0x000000b94f200000,0x000000b94f300000)]
  0x000001bd8a9fcae0 JavaThread "C1 CompilerThread3" daemon [_thread_blocked, id=7396, stack(0x000000b951c00000,0x000000b951d00000)]
  0x000001bd9155ee10 JavaThread "C2 CompilerThread1" daemon [_thread_blocked, id=3988, stack(0x000000b951b00000,0x000000b951c00000)]
  0x000001bd92731c80 JavaThread "C2 CompilerThread2" daemon [_thread_blocked, id=23528, stack(0x000000b953000000,0x000000b953100000)]
  0x000001bd90eb1470 JavaThread "C2 CompilerThread3" daemon [_thread_blocked, id=30136, stack(0x000000b953100000,0x000000b953200000)]
  0x000001bd90c89f90 JavaThread "Thread-6" [_thread_blocked, id=25032, stack(0x000000b953200000,0x000000b953300000)]
=>0x000001bd926b2cf0 JavaThread "Thread-10" daemon [_thread_in_native, id=23632, stack(0x000000b953600000,0x000000b953700000)]
  0x000001bd90eb0480 JavaThread "C2 CompilerThread4" daemon [_thread_blocked, id=13180, stack(0x000000b953800000,0x000000b953900000)]
  0x000001bd90eb19c0 JavaThread "C2 CompilerThread5" daemon [_thread_blocked, id=11112, stack(0x000000b953900000,0x000000b953a00000)]
  0x000001bda5cf2870 JavaThread "C2 CompilerThread6" daemon [_thread_blocked, id=22184, stack(0x000000b953a00000,0x000000b953b00000)]
  0x000001bda5cf0de0 JavaThread "C2 CompilerThread7" daemon [_thread_in_native, id=15244, stack(0x000000b953b00000,0x000000b953c00000)]
  0x000001bd926b3c20 JavaThread "Keep-Alive-Timer" daemon [_thread_blocked, id=4008, stack(0x000000b953c00000,0x000000b953d00000)]
  0x000001bd926b3200 JavaThread "JFXMedia Player EventQueueThread" daemon [_thread_blocked, id=16668, stack(0x000000b952e00000,0x000000b952f00000)]
  0x000001bd926b4130 JavaThread "JFXMedia Player EventQueueThread" daemon [_thread_blocked, id=21444, stack(0x000000b953300000,0x000000b953400000)]
  0x000001bd926b5060 JavaThread "Thread-24" daemon [_thread_in_native, id=4252, stack(0x000000b954000000,0x000000b954100000)]
  0x000001bd926b5a80 JavaThread "Thread-25" daemon [_thread_in_native, id=8828, stack(0x000000b954100000,0x000000b954200000)]

Other Threads:
  0x000001bdfa62da00 VMThread "VM Thread" [stack: 0x000000b94e500000,0x000000b94e600000] [id=9384]
  0x000001bd8a1ed2c0 WatcherThread [stack: 0x000000b94f900000,0x000000b94fa00000] [id=25584]
  0x000001bddf03a1f0 GCTaskThread "GC Thread#0" [stack: 0x000000b94e000000,0x000000b94e100000] [id=11460]
  0x000001bd8b7b44d0 GCTaskThread "GC Thread#1" [stack: 0x000000b951200000,0x000000b951300000] [id=5236]
  0x000001bd8b7b4d10 GCTaskThread "GC Thread#2" [stack: 0x000000b951300000,0x000000b951400000] [id=8464]
  0x000001bd8b7b4790 GCTaskThread "GC Thread#3" [stack: 0x000000b951400000,0x000000b951500000] [id=26428]
  0x000001bd8b7b39d0 GCTaskThread "GC Thread#4" [stack: 0x000000b951500000,0x000000b951600000] [id=16352]
  0x000001bd8b7b4fd0 GCTaskThread "GC Thread#5" [stack: 0x000000b951600000,0x000000b951700000] [id=30560]
  0x000001bd8b7b3c90 GCTaskThread "GC Thread#6" [stack: 0x000000b951700000,0x000000b951800000] [id=27096]
  0x000001bd8b7b4a50 GCTaskThread "GC Thread#7" [stack: 0x000000b951800000,0x000000b951900000] [id=19136]
  0x000001bd8b7b3450 GCTaskThread "GC Thread#8" [stack: 0x000000b951900000,0x000000b951a00000] [id=4128]
  0x000001bd8b7b3f50 GCTaskThread "GC Thread#9" [stack: 0x000000b951d00000,0x000000b951e00000] [id=28340]
  0x000001bd8b7b4210 GCTaskThread "GC Thread#10" [stack: 0x000000b951e00000,0x000000b951f00000] [id=5632]
  0x000001bd9101e1b0 GCTaskThread "GC Thread#11" [stack: 0x000000b951f00000,0x000000b952000000] [id=15800]
  0x000001bd9101f230 GCTaskThread "GC Thread#12" [stack: 0x000000b952700000,0x000000b952800000] [id=8632]
  0x000001bd9101e9f0 GCTaskThread "GC Thread#13" [stack: 0x000000b952800000,0x000000b952900000] [id=10328]
  0x000001bd91e651a0 GCTaskThread "GC Thread#14" [stack: 0x000000b94f000000,0x000000b94f100000] [id=18776]
  0x000001bddf044c50 ConcurrentGCThread "G1 Main Marker" [stack: 0x000000b94e100000,0x000000b94e200000] [id=23680]
  0x000001bdfa451680 ConcurrentGCThread "G1 Conc#0" [stack: 0x000000b94e200000,0x000000b94e300000] [id=5744]
  0x000001bd9101ecb0 ConcurrentGCThread "G1 Conc#1" [stack: 0x000000b952000000,0x000000b952100000] [id=10668]
  0x000001bd9101e730 ConcurrentGCThread "G1 Conc#2" [stack: 0x000000b952100000,0x000000b952200000] [id=28804]
  0x000001bd9101d6b0 ConcurrentGCThread "G1 Conc#3" [stack: 0x000000b952200000,0x000000b952300000] [id=18676]
  0x000001bdfa5418a0 ConcurrentGCThread "G1 Refine#0" [stack: 0x000000b94e300000,0x000000b94e400000] [id=4616]
  0x000001bdfa542170 ConcurrentGCThread "G1 Service" [stack: 0x000000b94e400000,0x000000b94e500000] [id=25388]

Threads with active compile tasks:
C2 CompilerThread0    26125 7424 %     4       sun.text.RuleBasedBreakIterator::handlePrevious @ 18 (98 bytes)
C2 CompilerThread7    26125 7407       4       sun.security.ec.ECOperations::setDouble (559 bytes)

VM state: not at safepoint (normal execution)

VM Mutex/Monitor currently owned by a thread: None

Heap address: 0x0000000684800000, size: 6072 MB, Compressed Oops mode: Zero based, Oop shift amount: 3

CDS archive(s) not mapped
Compressed class space mapped at: 0x0000000800000000-0x0000000840000000, reserved size: 1073741824
Narrow klass base: 0x0000000800000000, Narrow klass shift: 0, Narrow klass range: 0x40000000

GC Precious Log:
 CPUs: 20 total, 20 available
 Memory: 24283M
 Large Page Support: Disabled
 NUMA Support: Disabled
 Compressed Oops: Enabled (Zero based)
 Heap Region Size: 4M
 Heap Min Capacity: 8M
 Heap Initial Capacity: 380M
 Heap Max Capacity: 6072M
 Pre-touch: Disabled
 Parallel Workers: 15
 Concurrent Workers: 4
 Concurrent Refinement Workers: 15
 Periodic GC: Disabled

Heap:
 garbage-first heap   total 110592K, used 55114K [0x0000000684800000, 0x0000000800000000)
  region size 4096K, 10 young (40960K), 3 survivors (12288K)
 Metaspace       used 42744K, committed 43072K, reserved 1114112K
  class space    used 5440K, committed 5568K, reserved 1048576K

Heap Regions: E=young(eden), S=young(survivor), O=old, HS=humongous(starts), HC=humongous(continues), CS=collection set, F=free, OA=open archive, CA=closed archive, TAMS=top-at-mark-start (previous, next)
|   0|0x0000000684800000, 0x0000000684c00000, 0x0000000684c00000|100%| O|  |TAMS 0x0000000684c00000, 0x0000000684800000| Untracked 
|   1|0x0000000684c00000, 0x0000000685000000, 0x0000000685000000|100%| O|  |TAMS 0x0000000685000000, 0x0000000684c00000| Untracked 
|   2|0x0000000685000000, 0x0000000685400000, 0x0000000685400000|100%| O|  |TAMS 0x0000000685400000, 0x0000000685000000| Untracked 
|   3|0x0000000685400000, 0x0000000685800000, 0x0000000685800000|100%| O|  |TAMS 0x0000000685800000, 0x0000000685400000| Untracked 
|   4|0x0000000685800000, 0x0000000685c00000, 0x0000000685c00000|100%| O|  |TAMS 0x0000000685c00000, 0x0000000685800000| Untracked 
|   5|0x0000000685c00000, 0x0000000685c95800, 0x0000000686000000| 14%| O|  |TAMS 0x0000000685c95800, 0x0000000685c00000| Untracked 
|   6|0x0000000686000000, 0x0000000686000000, 0x0000000686400000|  0%| F|  |TAMS 0x0000000686000000, 0x0000000686000000| Untracked 
|   7|0x0000000686400000, 0x000000068653d1c8, 0x0000000686800000| 30%| S|CS|TAMS 0x0000000686400000, 0x0000000686400000| Complete 
|   8|0x0000000686800000, 0x0000000686c00000, 0x0000000686c00000|100%| S|CS|TAMS 0x0000000686800000, 0x0000000686800000| Complete 
|   9|0x0000000686c00000, 0x0000000687000000, 0x0000000687000000|100%| S|CS|TAMS 0x0000000686c00000, 0x0000000686c00000| Complete 
|  10|0x0000000687000000, 0x0000000687000000, 0x0000000687400000|  0%| F|  |TAMS 0x0000000687000000, 0x0000000687000000| Untracked 
|  11|0x0000000687400000, 0x0000000687400000, 0x0000000687800000|  0%| F|  |TAMS 0x0000000687400000, 0x0000000687400000| Untracked 
|  12|0x0000000687800000, 0x0000000687800000, 0x0000000687c00000|  0%| F|  |TAMS 0x0000000687800000, 0x0000000687800000| Untracked 
|  13|0x0000000687c00000, 0x0000000687c00000, 0x0000000688000000|  0%| F|  |TAMS 0x0000000687c00000, 0x0000000687c00000| Untracked 
|  14|0x0000000688000000, 0x0000000688000000, 0x0000000688400000|  0%| F|  |TAMS 0x0000000688000000, 0x0000000688000000| Untracked 
|  15|0x0000000688400000, 0x0000000688400000, 0x0000000688800000|  0%| F|  |TAMS 0x0000000688400000, 0x0000000688400000| Untracked 
|  16|0x0000000688800000, 0x0000000688800000, 0x0000000688c00000|  0%| F|  |TAMS 0x0000000688800000, 0x0000000688800000| Untracked 
|  17|0x0000000688c00000, 0x0000000688c00000, 0x0000000689000000|  0%| F|  |TAMS 0x0000000688c00000, 0x0000000688c00000| Untracked 
|  18|0x0000000689000000, 0x0000000689000000, 0x0000000689400000|  0%| F|  |TAMS 0x0000000689000000, 0x0000000689000000| Untracked 
|  19|0x0000000689400000, 0x0000000689400000, 0x0000000689800000|  0%| F|  |TAMS 0x0000000689400000, 0x0000000689400000| Untracked 
|  20|0x0000000689800000, 0x00000006899c72f0, 0x0000000689c00000| 44%| E|  |TAMS 0x0000000689800000, 0x0000000689800000| Complete 
|  21|0x0000000689c00000, 0x000000068a000000, 0x000000068a000000|100%| E|CS|TAMS 0x0000000689c00000, 0x0000000689c00000| Complete 
|  22|0x000000068a000000, 0x000000068a400000, 0x000000068a400000|100%| E|CS|TAMS 0x000000068a000000, 0x000000068a000000| Complete 
|  23|0x000000068a400000, 0x000000068a800000, 0x000000068a800000|100%| E|CS|TAMS 0x000000068a400000, 0x000000068a400000| Complete 
|  24|0x000000068a800000, 0x000000068ac00000, 0x000000068ac00000|100%| E|CS|TAMS 0x000000068a800000, 0x000000068a800000| Complete 
|  85|0x0000000699c00000, 0x000000069a000000, 0x000000069a000000|100%| E|CS|TAMS 0x0000000699c00000, 0x0000000699c00000| Complete 
|  94|0x000000069c000000, 0x000000069c400000, 0x000000069c400000|100%| E|CS|TAMS 0x000000069c000000, 0x000000069c000000| Complete 

Card table byte_map: [0x000001bdf2d90000,0x000001bdf3970000] _byte_map_base: 0x000001bdef96c000

Marking Bits (Prev, Next): (CMBitMap*) 0x000001bddf03a810, (CMBitMap*) 0x000001bddf03a850
 Prev Bits: [0x000001bdf4550000, 0x000001bdfa430000)
 Next Bits: [0x000001bd80000000, 0x000001bd85ee0000)

Polling page: 0x000001bddce00000

Metaspace:

Usage:
  Non-class:     36.43 MB used.
      Class:      5.31 MB used.
       Both:     41.74 MB used.

Virtual space:
  Non-class space:       64.00 MB reserved,      36.62 MB ( 57%) committed,  1 nodes.
      Class space:        1.00 GB reserved,       5.44 MB ( <1%) committed,  1 nodes.
             Both:        1.06 GB reserved,      42.06 MB (  4%) committed. 

Chunk freelists:
   Non-Class:  10.66 MB
       Class:  10.50 MB
        Both:  21.16 MB

MaxMetaspaceSize: unlimited
CompressedClassSpaceSize: 1.00 GB
Initial GC threshold: 21.00 MB
Current GC threshold: 64.62 MB
CDS: off
MetaspaceReclaimPolicy: balanced
 - commit_granule_bytes: 65536.
 - commit_granule_words: 8192.
 - virtual_space_node_default_size: 8388608.
 - enlarge_chunks_in_place: 1.
 - new_chunks_are_fully_committed: 0.
 - uncommit_free_chunks: 1.
 - use_allocation_guard: 0.
 - handle_deallocations: 1.


Internal statistics:

num_allocs_failed_limit: 6.
num_arena_births: 362.
num_arena_deaths: 0.
num_vsnodes_births: 2.
num_vsnodes_deaths: 0.
num_space_committed: 673.
num_space_uncommitted: 0.
num_chunks_returned_to_freelist: 6.
num_chunks_taken_from_freelist: 1381.
num_chunk_merges: 3.
num_chunk_splits: 928.
num_chunks_enlarged: 676.
num_inconsistent_stats: 0.

CodeHeap 'non-profiled nmethods': size=119168Kb used=3712Kb max_used=3712Kb free=115455Kb
 bounds [0x000001bdea2b0000, 0x000001bdea660000, 0x000001bdf1710000]
CodeHeap 'profiled nmethods': size=119104Kb used=13898Kb max_used=13971Kb free=105205Kb
 bounds [0x000001bde2710000, 0x000001bde34c0000, 0x000001bde9b60000]
CodeHeap 'non-nmethods': size=7488Kb used=3229Kb max_used=3304Kb free=4258Kb
 bounds [0x000001bde9b60000, 0x000001bde9ea0000, 0x000001bdea2b0000]
 total_blobs=7457 nmethods=6525 adapters=841
 compilation: enabled
              stopped_count=0, restarted_count=0
 full_count=0

Compilation events (20 events):
Event: 25.999 Thread 0x000001bd8a40ee80 7403   !   3       sun.nio.ch.NioSocketImpl::read (96 bytes)
Event: 25.999 Thread 0x000001bd8a9fcae0 nmethod 7400 0x000001bde2d75c90 code [0x000001bde2d75ee0, 0x000001bde2d76678]
Event: 25.999 Thread 0x000001bd8a40ee80 nmethod 7403 0x000001bde2d74490 code [0x000001bde2d74740, 0x000001bde2d756f8]
Event: 26.005 Thread 0x000001bd90eb19c0 7404       4       java.util.ArrayList::add (25 bytes)
Event: 26.005 Thread 0x000001bd8a9fcae0 7405       3       sun.security.ssl.NamedGroup$NamedGroupSpec::arrayContains (36 bytes)
Event: 26.005 Thread 0x000001bd8a9fcae0 nmethod 7405 0x000001bde2d73f90 code [0x000001bde2d74140, 0x000001bde2d74358]
Event: 26.005 Thread 0x000001bd9155ee10 7406       4       sun.security.provider.SHA2::implCompress0 (490 bytes)
Event: 26.006 Thread 0x000001bda5cf0de0 7407       4       sun.security.ec.ECOperations::setDouble (559 bytes)
Event: 26.007 Thread 0x000001bdfd76ab30 7408       3       java.nio.HeapByteBuffer::<init> (23 bytes)
Event: 26.007 Thread 0x000001bdfd76ab30 nmethod 7408 0x000001bde2d73b90 code [0x000001bde2d73d40, 0x000001bde2d73ec8]
Event: 26.009 Thread 0x000001bd90eb19c0 nmethod 7404 0x000001bdea642090 code [0x000001bdea642220, 0x000001bdea642a18]
Event: 26.015 Thread 0x000001bd92731c80 7409       4       com.sun.javafx.font.directwrite.DWGlyphLayout::renderShape (485 bytes)
Event: 26.019 Thread 0x000001bd9155ee10 nmethod 7406 0x000001bdea642c90 code [0x000001bdea642e40, 0x000001bdea6439b8]
Event: 26.021 Thread 0x000001bdfd76a080 7410       4       com.sun.crypto.provider.CounterMode::implCrypt (88 bytes)
Event: 26.021 Thread 0x000001bd8a9fcae0 7411       3       java.nio.Buffer::checkScope (16 bytes)
Event: 26.021 Thread 0x000001bdfd76ab30 7412       3       sun.net.www.MessageHeader::grow (92 bytes)
Event: 26.021 Thread 0x000001bd8ae42160 7413       3       java.lang.String::copyValueOf (11 bytes)
Event: 26.021 Thread 0x000001bd8a9fcae0 nmethod 7411 0x000001bde2d73610 code [0x000001bde2d737c0, 0x000001bde2d73a98]
Event: 26.021 Thread 0x000001bd8ae42160 nmethod 7413 0x000001bde2d73210 code [0x000001bde2d733c0, 0x000001bde2d73548]
Event: 26.022 Thread 0x000001bdfd76ab30 nmethod 7412 0x000001bde2d72910 code [0x000001bde2d72ae0, 0x000001bde2d73098]

GC Heap History (20 events):
Event: 22.827 GC heap before
{Heap before GC invocations=5 (full 0):
 garbage-first heap   total 40960K, used 23659K [0x0000000684800000, 0x0000000800000000)
  region size 4096K, 4 young (16384K), 1 survivors (4096K)
 Metaspace       used 31752K, committed 32064K, reserved 1114112K
  class space    used 3937K, committed 4096K, reserved 1048576K
}
Event: 22.829 GC heap after
{Heap after GC invocations=6 (full 0):
 garbage-first heap   total 40960K, used 14112K [0x0000000684800000, 0x0000000800000000)
  region size 4096K, 1 young (4096K), 1 survivors (4096K)
 Metaspace       used 31752K, committed 32064K, reserved 1114112K
  class space    used 3937K, committed 4096K, reserved 1048576K
}
Event: 22.993 GC heap before
{Heap before GC invocations=6 (full 0):
 garbage-first heap   total 40960K, used 26400K [0x0000000684800000, 0x0000000800000000)
  region size 4096K, 4 young (16384K), 1 survivors (4096K)
 Metaspace       used 32284K, committed 32576K, reserved 1114112K
  class space    used 4023K, committed 4160K, reserved 1048576K
}
Event: 22.995 GC heap after
{Heap after GC invocations=7 (full 0):
 garbage-first heap   total 40960K, used 16029K [0x0000000684800000, 0x0000000800000000)
  region size 4096K, 1 young (4096K), 1 survivors (4096K)
 Metaspace       used 32284K, committed 32576K, reserved 1114112K
  class space    used 4023K, committed 4160K, reserved 1048576K
}
Event: 24.435 GC heap before
{Heap before GC invocations=7 (full 0):
 garbage-first heap   total 40960K, used 24221K [0x0000000684800000, 0x0000000800000000)
  region size 4096K, 3 young (12288K), 1 survivors (4096K)
 Metaspace       used 32614K, committed 32896K, reserved 1114112K
  class space    used 4030K, committed 4160K, reserved 1048576K
}
Event: 24.442 GC heap after
{Heap after GC invocations=8 (full 0):
 garbage-first heap   total 40960K, used 16599K [0x0000000684800000, 0x0000000800000000)
  region size 4096K, 1 young (4096K), 1 survivors (4096K)
 Metaspace       used 32614K, committed 32896K, reserved 1114112K
  class space    used 4030K, committed 4160K, reserved 1048576K
}
Event: 24.896 GC heap before
{Heap before GC invocations=8 (full 0):
 garbage-first heap   total 40960K, used 24791K [0x0000000684800000, 0x0000000800000000)
  region size 4096K, 3 young (12288K), 1 survivors (4096K)
 Metaspace       used 34559K, committed 34816K, reserved 1114112K
  class space    used 4349K, committed 4480K, reserved 1048576K
}
Event: 24.899 GC heap after
{Heap after GC invocations=9 (full 0):
 garbage-first heap   total 40960K, used 17844K [0x0000000684800000, 0x0000000800000000)
  region size 4096K, 1 young (4096K), 1 survivors (4096K)
 Metaspace       used 34559K, committed 34816K, reserved 1114112K
  class space    used 4349K, committed 4480K, reserved 1048576K
}
Event: 24.956 GC heap before
{Heap before GC invocations=9 (full 0):
 garbage-first heap   total 40960K, used 17844K [0x0000000684800000, 0x0000000800000000)
  region size 4096K, 2 young (8192K), 1 survivors (4096K)
 Metaspace       used 35735K, committed 35968K, reserved 1114112K
  class space    used 4518K, committed 4608K, reserved 1048576K
}
Event: 24.958 GC heap after
{Heap after GC invocations=10 (full 0):
 garbage-first heap   total 40960K, used 19071K [0x0000000684800000, 0x0000000800000000)
  region size 4096K, 1 young (4096K), 1 survivors (4096K)
 Metaspace       used 35735K, committed 35968K, reserved 1114112K
  class space    used 4518K, committed 4608K, reserved 1048576K
}
Event: 25.010 GC heap before
{Heap before GC invocations=11 (full 0):
 garbage-first heap   total 40960K, used 27263K [0x0000000684800000, 0x0000000800000000)
  region size 4096K, 3 young (12288K), 1 survivors (4096K)
 Metaspace       used 36823K, committed 37120K, reserved 1114112K
  class space    used 4627K, committed 4800K, reserved 1048576K
}
Event: 25.012 GC heap after
{Heap after GC invocations=12 (full 0):
 garbage-first heap   total 40960K, used 21305K [0x0000000684800000, 0x0000000800000000)
  region size 4096K, 1 young (4096K), 1 survivors (4096K)
 Metaspace       used 36823K, committed 37120K, reserved 1114112K
  class space    used 4627K, committed 4800K, reserved 1048576K
}
Event: 25.052 GC heap before
{Heap before GC invocations=12 (full 0):
 garbage-first heap   total 40960K, used 25401K [0x0000000684800000, 0x0000000800000000)
  region size 4096K, 2 young (8192K), 1 survivors (4096K)
 Metaspace       used 38222K, committed 38528K, reserved 1114112K
  class space    used 4817K, committed 4992K, reserved 1048576K
}
Event: 25.054 GC heap after
{Heap after GC invocations=13 (full 0):
 garbage-first heap   total 40960K, used 21824K [0x0000000684800000, 0x0000000800000000)
  region size 4096K, 1 young (4096K), 1 survivors (4096K)
 Metaspace       used 38222K, committed 38528K, reserved 1114112K
  class space    used 4817K, committed 4992K, reserved 1048576K
}
Event: 25.096 GC heap before
{Heap before GC invocations=14 (full 0):
 garbage-first heap   total 49152K, used 25920K [0x0000000684800000, 0x0000000800000000)
  region size 4096K, 2 young (8192K), 1 survivors (4096K)
 Metaspace       used 39092K, committed 39360K, reserved 1114112K
  class space    used 4965K, committed 5120K, reserved 1048576K
}
Event: 25.098 GC heap after
{Heap after GC invocations=15 (full 0):
 garbage-first heap   total 49152K, used 22230K [0x0000000684800000, 0x0000000800000000)
  region size 4096K, 1 young (4096K), 1 survivors (4096K)
 Metaspace       used 39092K, committed 39360K, reserved 1114112K
  class space    used 4965K, committed 5120K, reserved 1048576K
}
Event: 25.141 GC heap before
{Heap before GC invocations=15 (full 0):
 garbage-first heap   total 49152K, used 26326K [0x0000000684800000, 0x0000000800000000)
  region size 4096K, 2 young (8192K), 1 survivors (4096K)
 Metaspace       used 39333K, committed 39680K, reserved 1114112K
  class space    used 5016K, committed 5184K, reserved 1048576K
}
Event: 25.142 GC heap after
{Heap after GC invocations=16 (full 0):
 garbage-first heap   total 221184K, used 22906K [0x0000000684800000, 0x0000000800000000)
  region size 4096K, 1 young (4096K), 1 survivors (4096K)
 Metaspace       used 39333K, committed 39680K, reserved 1114112K
  class space    used 5016K, committed 5184K, reserved 1048576K
}
Event: 25.725 GC heap before
{Heap before GC invocations=17 (full 0):
 garbage-first heap   total 110592K, used 80250K [0x0000000684800000, 0x0000000800000000)
  region size 4096K, 17 young (69632K), 1 survivors (4096K)
 Metaspace       used 42486K, committed 42816K, reserved 1114112K
  class space    used 5407K, committed 5568K, reserved 1048576K
}
Event: 25.731 GC heap after
{Heap after GC invocations=18 (full 0):
 garbage-first heap   total 110592K, used 30538K [0x0000000684800000, 0x0000000800000000)
  region size 4096K, 3 young (12288K), 3 survivors (12288K)
 Metaspace       used 42486K, committed 42816K, reserved 1114112K
  class space    used 5407K, committed 5568K, reserved 1048576K
}

Dll operation events (2 events):
Event: 0.006 Loaded shared library C:\Program Files\jbr_jcef-17.0.8-windows-x64-b1000.8\bin\java.dll
Event: 22.290 Loaded shared library C:\Program Files\jbr_jcef-17.0.8-windows-x64-b1000.8\bin\verify.dll

Deoptimization events (20 events):
Event: 25.845 Thread 0x000001bd8b47d900 DEOPT PACKING pc=0x000001bdea3ace68 sp=0x000000b94f4fd5a0
Event: 25.845 Thread 0x000001bd8b47d900 DEOPT UNPACKING pc=0x000001bde9bb69a3 sp=0x000000b94f4fd530 mode 2
Event: 25.845 Thread 0x000001bd8b47d900 Uncommon trap: trap_request=0xffffffde fr.pc=0x000001bdea3a8078 relative=0x00000000000001b8
Event: 25.845 Thread 0x000001bd8b47d900 Uncommon trap: reason=class_check action=maybe_recompile pc=0x000001bdea3a8078 method=sun.text.RuleBasedBreakIterator.getNext()I @ 4 c2
Event: 25.845 Thread 0x000001bd8b47d900 DEOPT PACKING pc=0x000001bdea3a8078 sp=0x000000b94f4fd600
Event: 25.845 Thread 0x000001bd8b47d900 DEOPT UNPACKING pc=0x000001bde9bb69a3 sp=0x000000b94f4fd5a0 mode 2
Event: 25.846 Thread 0x000001bd8b47d900 Uncommon trap: trap_request=0xffffffde fr.pc=0x000001bdea3a8078 relative=0x00000000000001b8
Event: 25.846 Thread 0x000001bd8b47d900 Uncommon trap: reason=class_check action=maybe_recompile pc=0x000001bdea3a8078 method=sun.text.RuleBasedBreakIterator.getNext()I @ 4 c2
Event: 25.846 Thread 0x000001bd8b47d900 DEOPT PACKING pc=0x000001bdea3a8078 sp=0x000000b94f4fd600
Event: 25.846 Thread 0x000001bd8b47d900 DEOPT UNPACKING pc=0x000001bde9bb69a3 sp=0x000000b94f4fd5a0 mode 2
Event: 25.894 Thread 0x000001bd8b47d900 DEOPT PACKING pc=0x000001bde30db397 sp=0x000000b94f4fbb50
Event: 25.894 Thread 0x000001bd8b47d900 DEOPT UNPACKING pc=0x000001bde9bb7143 sp=0x000000b94f4fafb0 mode 0
Event: 25.909 Thread 0x000001bd926b2cf0 DEOPT PACKING pc=0x000001bde2b268ed sp=0x000000b9536fd280
Event: 25.909 Thread 0x000001bd926b2cf0 DEOPT UNPACKING pc=0x000001bde9bb7143 sp=0x000000b9536fc708 mode 0
Event: 26.005 Thread 0x000001bd926b5060 DEOPT PACKING pc=0x000001bde27607be sp=0x000000b9540fc790
Event: 26.005 Thread 0x000001bd926b5060 DEOPT UNPACKING pc=0x000001bde9bb7143 sp=0x000000b9540fbbe8 mode 0
Event: 26.015 Thread 0x000001bd8b47d900 DEOPT PACKING pc=0x000001bde30e2c07 sp=0x000000b94f4fbcd0
Event: 26.015 Thread 0x000001bd8b47d900 DEOPT UNPACKING pc=0x000001bde9bb7143 sp=0x000000b94f4fb180 mode 0
Event: 26.021 Thread 0x000001bd926b2cf0 DEOPT PACKING pc=0x000001bde2c07a56 sp=0x000000b9536fd4e0
Event: 26.021 Thread 0x000001bd926b2cf0 DEOPT UNPACKING pc=0x000001bde9bb7143 sp=0x000000b9536fc9d0 mode 0

Classes unloaded (0 events):
No events

Classes redefined (0 events):
No events

Internal exceptions (20 events):
Event: 25.002 Thread 0x000001bd8b47d900 Exception <a 'java/io/FileNotFoundException'{0x000000069998eaf8}> (0x000000069998eaf8) 
thrown [s\src\hotspot\share\prims\jni.cpp, line 517]
Event: 25.003 Thread 0x000001bd8b47d900 Exception <a 'java/io/FileNotFoundException'{0x0000000699996998}> (0x0000000699996998) 
thrown [s\src\hotspot\share\prims\jni.cpp, line 517]
Event: 25.003 Thread 0x000001bd8b47d900 Exception <a 'java/io/FileNotFoundException'{0x00000006999994b0}> (0x00000006999994b0) 
thrown [s\src\hotspot\share\prims\jni.cpp, line 517]
Event: 25.080 Thread 0x000001bd8b47d900 Exception <a 'java/lang/NoSuchMethodError'{0x000000069c294208}: 'int java.lang.invoke.DirectMethodHandle$Holder.invokeSpecial(java.lang.Object, java.lang.Object, int)'> (0x000000069c294208) 
thrown [s\src\hotspot\share\interpreter\linkResolver.cpp, line 771]
Event: 25.138 Thread 0x000001bd8b47d900 Implicit null exception at 0x000001bdea4a7cba to 0x000001bdea4a8714
Event: 25.479 Thread 0x000001bd8b47d900 Exception <a 'java/io/FileNotFoundException'{0x00000006883e4648}> (0x00000006883e4648) 
thrown [s\src\hotspot\share\prims\jni.cpp, line 517]
Event: 25.479 Thread 0x000001bd8b47d900 Exception <a 'java/io/FileNotFoundException'{0x00000006883e5c28}> (0x00000006883e5c28) 
thrown [s\src\hotspot\share\prims\jni.cpp, line 517]
Event: 25.479 Thread 0x000001bd8b47d900 Exception <a 'java/io/FileNotFoundException'{0x00000006883e7220}> (0x00000006883e7220) 
thrown [s\src\hotspot\share\prims\jni.cpp, line 517]
Event: 25.479 Thread 0x000001bd8b47d900 Exception <a 'java/io/FileNotFoundException'{0x00000006883e87f8}> (0x00000006883e87f8) 
thrown [s\src\hotspot\share\prims\jni.cpp, line 517]
Event: 25.480 Thread 0x000001bd8b47d900 Exception <a 'java/io/FileNotFoundException'{0x0000000687c506e8}> (0x0000000687c506e8) 
thrown [s\src\hotspot\share\prims\jni.cpp, line 517]
Event: 25.480 Thread 0x000001bd8b47d900 Exception <a 'java/io/FileNotFoundException'{0x0000000687c51cc8}> (0x0000000687c51cc8) 
thrown [s\src\hotspot\share\prims\jni.cpp, line 517]
Event: 25.480 Thread 0x000001bd8b47d900 Exception <a 'java/io/FileNotFoundException'{0x0000000687c532c0}> (0x0000000687c532c0) 
thrown [s\src\hotspot\share\prims\jni.cpp, line 517]
Event: 25.480 Thread 0x000001bd8b47d900 Exception <a 'java/io/FileNotFoundException'{0x0000000687c54898}> (0x0000000687c54898) 
thrown [s\src\hotspot\share\prims\jni.cpp, line 517]
Event: 25.489 Thread 0x000001bd8b47d900 Exception <a 'java/io/FileNotFoundException'{0x0000000687ce2710}> (0x0000000687ce2710) 
thrown [s\src\hotspot\share\prims\jni.cpp, line 517]
Event: 25.489 Thread 0x000001bd8b47d900 Exception <a 'java/io/FileNotFoundException'{0x0000000687ce3cf0}> (0x0000000687ce3cf0) 
thrown [s\src\hotspot\share\prims\jni.cpp, line 517]
Event: 25.489 Thread 0x000001bd8b47d900 Exception <a 'java/io/FileNotFoundException'{0x0000000687ce52e8}> (0x0000000687ce52e8) 
thrown [s\src\hotspot\share\prims\jni.cpp, line 517]
Event: 25.489 Thread 0x000001bd8b47d900 Exception <a 'java/io/FileNotFoundException'{0x0000000687ce68c0}> (0x0000000687ce68c0) 
thrown [s\src\hotspot\share\prims\jni.cpp, line 517]
Event: 25.680 Thread 0x000001bd90c8c810 Exception <a 'java/lang/NullPointerException'{0x000000068700d1b8}> (0x000000068700d1b8) 
thrown [s\src\hotspot\share\interpreter\linkResolver.cpp, line 1447]
Event: 25.749 Thread 0x000001bd90c89f90 Exception <a 'java/lang/NoSuchMethodError'{0x000000069c0a2960}: 'void java.lang.invoke.DirectMethodHandle$Holder.invokeSpecial(java.lang.Object, java.lang.Object, int, int)'> (0x000000069c0a2960) 
thrown [s\src\hotspot\share\interpreter\linkResolver.cpp, line 771]
Event: 25.749 Thread 0x000001bd90c89f90 Exception <a 'java/lang/NoSuchMethodError'{0x000000069c1406f0}: 'java.lang.Object java.lang.invoke.DirectMethodHandle$Holder.newInvokeSpecial(java.lang.Object, java.lang.Object, int, int)'> (0x000000069c1406f0) 
thrown [s\src\hotspot\share\interpreter\linkResolver.cpp, line 771]

VM Operations (20 events):
Event: 25.402 Executing VM operation: ICBufferFull
Event: 25.402 Executing VM operation: ICBufferFull done
Event: 25.402 Executing VM operation: ICBufferFull
Event: 25.403 Executing VM operation: ICBufferFull done
Event: 25.427 Executing VM operation: HandshakeAllThreads
Event: 25.427 Executing VM operation: HandshakeAllThreads done
Event: 25.677 Executing VM operation: HandshakeAllThreads
Event: 25.678 Executing VM operation: HandshakeAllThreads done
Event: 25.725 Executing VM operation: G1CollectForAllocation
Event: 25.731 Executing VM operation: G1CollectForAllocation done
Event: 25.747 Executing VM operation: HandshakeAllThreads
Event: 25.747 Executing VM operation: HandshakeAllThreads done
Event: 25.748 Executing VM operation: HandshakeAllThreads
Event: 25.748 Executing VM operation: HandshakeAllThreads done
Event: 25.751 Executing VM operation: HandshakeAllThreads
Event: 25.751 Executing VM operation: HandshakeAllThreads done
Event: 25.773 Executing VM operation: HandshakeAllThreads
Event: 25.773 Executing VM operation: HandshakeAllThreads done
Event: 25.844 Executing VM operation: HandshakeAllThreads
Event: 25.844 Executing VM operation: HandshakeAllThreads done

Events (20 events):
Event: 25.931 Thread 0x000001bd926b4640 Thread exited: 0x000001bd926b4640
Event: 25.931 Thread 0x000001bd926b4b50 Thread added: 0x000001bd926b4b50
Event: 25.931 Thread 0x000001bd926b4b50 Thread exited: 0x000001bd926b4b50
Event: 25.931 Thread 0x000001bd926b5060 Thread exited: 0x000001bd926b5060
Event: 25.931 Thread 0x000001bd926b4640 Thread added: 0x000001bd926b4640
Event: 25.931 Thread 0x000001bd926b4640 Thread exited: 0x000001bd926b4640
Event: 25.931 Thread 0x000001bd926b4b50 Thread added: 0x000001bd926b4b50
Event: 25.931 Thread 0x000001bd926b4b50 Thread exited: 0x000001bd926b4b50
Event: 25.931 Thread 0x000001bd926b4640 Thread added: 0x000001bd926b4640
Event: 25.932 Thread 0x000001bd926b4b50 Thread added: 0x000001bd926b4b50
Event: 25.932 Thread 0x000001bd926b4640 Thread exited: 0x000001bd926b4640
Event: 25.932 Thread 0x000001bd926b4b50 Thread exited: 0x000001bd926b4b50
Event: 25.932 Thread 0x000001bd926b4640 Thread added: 0x000001bd926b4640
Event: 25.932 Thread 0x000001bd926b4640 Thread exited: 0x000001bd926b4640
Event: 25.932 Thread 0x000001bd926b4b50 Thread added: 0x000001bd926b4b50
Event: 25.932 Thread 0x000001bd926b4b50 Thread exited: 0x000001bd926b4b50
Event: 25.932 Thread 0x000001bd926b5060 Thread added: 0x000001bd926b5060
Event: 25.932 Thread 0x000001bd926b5a80 Thread added: 0x000001bd926b5a80
Event: 25.934 Thread 0x000001bd90c8c300 Thread exited: 0x000001bd90c8c300
Event: 25.934 Thread 0x000001bd90c89570 Thread exited: 0x000001bd90c89570


Dynamic libraries:
0x00007ff74d6f0000 - 0x00007ff74d6fa000 	C:\Program Files\jbr_jcef-17.0.8-windows-x64-b1000.8\bin\java.exe
0x00007ffc69320000 - 0x00007ffc69587000 	C:\WINDOWS\SYSTEM32\ntdll.dll
0x00007ffc67b50000 - 0x00007ffc67c19000 	C:\WINDOWS\System32\KERNEL32.DLL
0x00007ffc65bf0000 - 0x00007ffc65fe4000 	C:\WINDOWS\System32\KERNELBASE.dll
0x00007ffc660a0000 - 0x00007ffc661eb000 	C:\WINDOWS\System32\ucrtbase.dll
0x00007ffc5d260000 - 0x00007ffc5d27b000 	C:\Program Files\jbr_jcef-17.0.8-windows-x64-b1000.8\bin\VCRUNTIME140.dll
0x00007ffc5cc80000 - 0x00007ffc5cc97000 	C:\Program Files\jbr_jcef-17.0.8-windows-x64-b1000.8\bin\jli.dll
0x00007ffc67900000 - 0x00007ffc67ac5000 	C:\WINDOWS\System32\USER32.dll
0x00007ffc66c50000 - 0x00007ffc66c77000 	C:\WINDOWS\System32\win32u.dll
0x00007ffc69200000 - 0x00007ffc6922b000 	C:\WINDOWS\System32\GDI32.dll
0x00007ffc4bd30000 - 0x00007ffc4bfc3000 	C:\WINDOWS\WinSxS\amd64_microsoft.windows.common-controls_6595b64144ccf1df_6.0.26100.8115_none_3e075c82e3354f9c\COMCTL32.dll
0x00007ffc661f0000 - 0x00007ffc6631b000 	C:\WINDOWS\System32\gdi32full.dll
0x00007ffc67740000 - 0x00007ffc677e9000 	C:\WINDOWS\System32\msvcrt.dll
0x00007ffc65ff0000 - 0x00007ffc66093000 	C:\WINDOWS\System32\msvcp_win.dll
0x00007ffc68a10000 - 0x00007ffc68a42000 	C:\WINDOWS\System32\IMM32.DLL
0x00007ffc5d930000 - 0x00007ffc5d93c000 	C:\Program Files\jbr_jcef-17.0.8-windows-x64-b1000.8\bin\vcruntime140_1.dll
0x00007ffc46d30000 - 0x00007ffc46dbd000 	C:\Program Files\jbr_jcef-17.0.8-windows-x64-b1000.8\bin\msvcp140.dll
0x00007ffc0b860000 - 0x00007ffc0c4e3000 	C:\Program Files\jbr_jcef-17.0.8-windows-x64-b1000.8\bin\server\jvm.dll
0x00007ffc69130000 - 0x00007ffc691e6000 	C:\WINDOWS\System32\ADVAPI32.dll
0x00007ffc69230000 - 0x00007ffc692d7000 	C:\WINDOWS\System32\sechost.dll
0x00007ffc68f50000 - 0x00007ffc69068000 	C:\WINDOWS\System32\RPCRT4.dll
0x00007ffc64810000 - 0x00007ffc6486e000 	C:\WINDOWS\SYSTEM32\POWRPROF.dll
0x00007ffc60080000 - 0x00007ffc6008a000 	C:\WINDOWS\SYSTEM32\WSOCK32.dll
0x00007ffc67310000 - 0x00007ffc67390000 	C:\WINDOWS\System32\WS2_32.dll
0x00007ffc63020000 - 0x00007ffc63056000 	C:\WINDOWS\SYSTEM32\WINMM.dll
0x00007ffc5a210000 - 0x00007ffc5a21b000 	C:\WINDOWS\SYSTEM32\VERSION.dll
0x00007ffc647f0000 - 0x00007ffc64804000 	C:\WINDOWS\SYSTEM32\UMPDC.dll
0x00007ffc64aa0000 - 0x00007ffc64abb000 	C:\WINDOWS\SYSTEM32\kernel.appcore.dll
0x00007ffc53570000 - 0x00007ffc5357a000 	C:\Program Files\jbr_jcef-17.0.8-windows-x64-b1000.8\bin\jimage.dll
0x00007ffc63620000 - 0x00007ffc63862000 	C:\WINDOWS\SYSTEM32\DBGHELP.DLL
0x00007ffc673a0000 - 0x00007ffc67722000 	C:\WINDOWS\System32\combase.dll
0x00007ffc68690000 - 0x00007ffc68768000 	C:\WINDOWS\System32\OLEAUT32.dll
0x00007ffc3b910000 - 0x00007ffc3b94b000 	C:\WINDOWS\SYSTEM32\dbgcore.DLL
0x00007ffc66f70000 - 0x00007ffc67015000 	C:\WINDOWS\System32\bcryptPrimitives.dll
0x00007ffc52670000 - 0x00007ffc52695000 	C:\Program Files\jbr_jcef-17.0.8-windows-x64-b1000.8\bin\java.dll
0x00007ffc525e0000 - 0x00007ffc525f8000 	C:\Program Files\jbr_jcef-17.0.8-windows-x64-b1000.8\bin\zip.dll
0x00007ffc67ea0000 - 0x00007ffc68607000 	C:\WINDOWS\System32\SHELL32.dll
0x00007ffc66c80000 - 0x00007ffc66dea000 	C:\WINDOWS\System32\wintypes.dll
0x00007ffc663e0000 - 0x00007ffc66c48000 	C:\WINDOWS\System32\windows.storage.dll
0x00007ffc670b0000 - 0x00007ffc671a8000 	C:\WINDOWS\System32\SHCORE.dll
0x00007ffc68a50000 - 0x00007ffc68ab6000 	C:\WINDOWS\System32\shlwapi.dll
0x00007ffc65b10000 - 0x00007ffc65b39000 	C:\WINDOWS\SYSTEM32\profapi.dll
0x00007ffc52570000 - 0x00007ffc52589000 	C:\Program Files\jbr_jcef-17.0.8-windows-x64-b1000.8\bin\net.dll
0x00007ffc5c700000 - 0x00007ffc5c82d000 	C:\WINDOWS\SYSTEM32\WINHTTP.dll
0x00007ffc65010000 - 0x00007ffc6507c000 	C:\WINDOWS\system32\mswsock.dll
0x00007ffc505c0000 - 0x00007ffc505d6000 	C:\Program Files\jbr_jcef-17.0.8-windows-x64-b1000.8\bin\nio.dll
0x000001bd85ff0000 - 0x000001bd85ff3000 	C:\Users\LENOVO\.openjfx\cache\21.0.2+5\amd64\api-ms-win-core-console-l1-1-0.dll
0x000001bd8b910000 - 0x000001bd8b913000 	C:\Users\LENOVO\.openjfx\cache\21.0.2+5\amd64\api-ms-win-core-console-l1-2-0.dll
0x000001bd8b920000 - 0x000001bd8b923000 	C:\Users\LENOVO\.openjfx\cache\21.0.2+5\amd64\api-ms-win-core-datetime-l1-1-0.dll
0x000001bd8b930000 - 0x000001bd8b933000 	C:\Users\LENOVO\.openjfx\cache\21.0.2+5\amd64\api-ms-win-core-debug-l1-1-0.dll
0x000001bd8b940000 - 0x000001bd8b943000 	C:\Users\LENOVO\.openjfx\cache\21.0.2+5\amd64\api-ms-win-core-errorhandling-l1-1-0.dll
0x000001bd8b950000 - 0x000001bd8b954000 	C:\Users\LENOVO\.openjfx\cache\21.0.2+5\amd64\api-ms-win-core-file-l1-1-0.dll
0x000001bd8b960000 - 0x000001bd8b963000 	C:\Users\LENOVO\.openjfx\cache\21.0.2+5\amd64\api-ms-win-core-file-l1-2-0.dll
0x000001bd8b970000 - 0x000001bd8b973000 	C:\Users\LENOVO\.openjfx\cache\21.0.2+5\amd64\api-ms-win-core-file-l2-1-0.dll
0x000001bd8b980000 - 0x000001bd8b983000 	C:\Users\LENOVO\.openjfx\cache\21.0.2+5\amd64\api-ms-win-core-handle-l1-1-0.dll
0x000001bd8b990000 - 0x000001bd8b993000 	C:\Users\LENOVO\.openjfx\cache\21.0.2+5\amd64\api-ms-win-core-heap-l1-1-0.dll
0x000001bd8b9a0000 - 0x000001bd8b9a3000 	C:\Users\LENOVO\.openjfx\cache\21.0.2+5\amd64\api-ms-win-core-interlocked-l1-1-0.dll
0x000001bd8b9b0000 - 0x000001bd8b9b3000 	C:\Users\LENOVO\.openjfx\cache\21.0.2+5\amd64\api-ms-win-core-libraryloader-l1-1-0.dll
0x000001bd8b9c0000 - 0x000001bd8b9c3000 	C:\Users\LENOVO\.openjfx\cache\21.0.2+5\amd64\api-ms-win-core-localization-l1-2-0.dll
0x000001bd8b9d0000 - 0x000001bd8b9d3000 	C:\Users\LENOVO\.openjfx\cache\21.0.2+5\amd64\api-ms-win-core-memory-l1-1-0.dll
0x000001bd8b9e0000 - 0x000001bd8b9e3000 	C:\Users\LENOVO\.openjfx\cache\21.0.2+5\amd64\api-ms-win-core-namedpipe-l1-1-0.dll
0x000001bd8b9f0000 - 0x000001bd8b9f3000 	C:\Users\LENOVO\.openjfx\cache\21.0.2+5\amd64\api-ms-win-core-processenvironment-l1-1-0.dll
0x000001bd8ba00000 - 0x000001bd8ba03000 	C:\Users\LENOVO\.openjfx\cache\21.0.2+5\amd64\api-ms-win-core-processthreads-l1-1-0.dll
0x000001bd8ba10000 - 0x000001bd8ba13000 	C:\Users\LENOVO\.openjfx\cache\21.0.2+5\amd64\api-ms-win-core-processthreads-l1-1-1.dll
0x000001bd8ba20000 - 0x000001bd8ba23000 	C:\Users\LENOVO\.openjfx\cache\21.0.2+5\amd64\api-ms-win-core-profile-l1-1-0.dll
0x000001bd8ba30000 - 0x000001bd8ba33000 	C:\Users\LENOVO\.openjfx\cache\21.0.2+5\amd64\api-ms-win-core-rtlsupport-l1-1-0.dll
0x000001bd8ba40000 - 0x000001bd8ba43000 	C:\Users\LENOVO\.openjfx\cache\21.0.2+5\amd64\api-ms-win-core-string-l1-1-0.dll
0x000001bd8ba50000 - 0x000001bd8ba53000 	C:\Users\LENOVO\.openjfx\cache\21.0.2+5\amd64\api-ms-win-core-synch-l1-1-0.dll
0x000001bd8ba60000 - 0x000001bd8ba63000 	C:\Users\LENOVO\.openjfx\cache\21.0.2+5\amd64\api-ms-win-core-synch-l1-2-0.dll
0x000001bd8ba70000 - 0x000001bd8ba73000 	C:\Users\LENOVO\.openjfx\cache\21.0.2+5\amd64\api-ms-win-core-sysinfo-l1-1-0.dll
0x000001bd8ba80000 - 0x000001bd8ba83000 	C:\Users\LENOVO\.openjfx\cache\21.0.2+5\amd64\api-ms-win-core-timezone-l1-1-0.dll
0x000001bd8ba90000 - 0x000001bd8ba93000 	C:\Users\LENOVO\.openjfx\cache\21.0.2+5\amd64\api-ms-win-core-util-l1-1-0.dll
0x000001bd8baa0000 - 0x000001bd8baa3000 	C:\Users\LENOVO\.openjfx\cache\21.0.2+5\amd64\api-ms-win-crt-conio-l1-1-0.dll
0x000001bd8bab0000 - 0x000001bd8bab4000 	C:\Users\LENOVO\.openjfx\cache\21.0.2+5\amd64\api-ms-win-crt-convert-l1-1-0.dll
0x000001bd8bac0000 - 0x000001bd8bac3000 	C:\Users\LENOVO\.openjfx\cache\21.0.2+5\amd64\api-ms-win-crt-environment-l1-1-0.dll
0x000001bd8bad0000 - 0x000001bd8bad3000 	C:\Users\LENOVO\.openjfx\cache\21.0.2+5\amd64\api-ms-win-crt-filesystem-l1-1-0.dll
0x000001bd8bae0000 - 0x000001bd8bae3000 	C:\Users\LENOVO\.openjfx\cache\21.0.2+5\amd64\api-ms-win-crt-heap-l1-1-0.dll
0x000001bd8baf0000 - 0x000001bd8baf3000 	C:\Users\LENOVO\.openjfx\cache\21.0.2+5\amd64\api-ms-win-crt-locale-l1-1-0.dll
0x000001bd8bb00000 - 0x000001bd8bb05000 	C:\Users\LENOVO\.openjfx\cache\21.0.2+5\amd64\api-ms-win-crt-math-l1-1-0.dll
0x000001bd8bb10000 - 0x000001bd8bb15000 	C:\Users\LENOVO\.openjfx\cache\21.0.2+5\amd64\api-ms-win-crt-multibyte-l1-1-0.dll
0x000001bd8bb20000 - 0x000001bd8bb30000 	C:\Users\LENOVO\.openjfx\cache\21.0.2+5\amd64\api-ms-win-crt-private-l1-1-0.dll
0x000001bd8bb30000 - 0x000001bd8bb33000 	C:\Users\LENOVO\.openjfx\cache\21.0.2+5\amd64\api-ms-win-crt-process-l1-1-0.dll
0x000001bd8bb40000 - 0x000001bd8bb44000 	C:\Users\LENOVO\.openjfx\cache\21.0.2+5\amd64\api-ms-win-crt-runtime-l1-1-0.dll
0x000001bd8bb50000 - 0x000001bd8bb54000 	C:\Users\LENOVO\.openjfx\cache\21.0.2+5\amd64\api-ms-win-crt-stdio-l1-1-0.dll
0x000001bd8bb60000 - 0x000001bd8bb64000 	C:\Users\LENOVO\.openjfx\cache\21.0.2+5\amd64\api-ms-win-crt-string-l1-1-0.dll
0x000001bd8bb70000 - 0x000001bd8bb73000 	C:\Users\LENOVO\.openjfx\cache\21.0.2+5\amd64\api-ms-win-crt-time-l1-1-0.dll
0x000001bd8bb80000 - 0x000001bd8bb83000 	C:\Users\LENOVO\.openjfx\cache\21.0.2+5\amd64\api-ms-win-crt-utility-l1-1-0.dll
0x00007ffc32220000 - 0x00007ffc3231c000 	C:\Users\LENOVO\.openjfx\cache\21.0.2+5\amd64\ucrtbase.dll
0x00007ffc4dd90000 - 0x00007ffc4ddab000 	C:\Users\LENOVO\.openjfx\cache\21.0.2+5\amd64\vcruntime140.dll
0x00007ffc52560000 - 0x00007ffc5256c000 	C:\Users\LENOVO\.openjfx\cache\21.0.2+5\amd64\vcruntime140_1.dll
0x00007ffc239c0000 - 0x00007ffc23a4e000 	C:\Users\LENOVO\.openjfx\cache\21.0.2+5\amd64\msvcp140.dll
0x00007ffc505a0000 - 0x00007ffc505a9000 	C:\Users\LENOVO\.openjfx\cache\21.0.2+5\amd64\msvcp140_1.dll
0x00007ffc49cb0000 - 0x00007ffc49cf1000 	C:\Users\LENOVO\.openjfx\cache\21.0.2+5\amd64\msvcp140_2.dll
0x00007ffc4a180000 - 0x00007ffc4a1b0000 	C:\Users\LENOVO\.openjfx\cache\21.0.2+5\amd64\prism_d3d.dll
0x00007ffbd0870000 - 0x00007ffbd0a22000 	C:\WINDOWS\system32\d3d9.dll
0x00007ffc60680000 - 0x00007ffc606af000 	C:\WINDOWS\SYSTEM32\dwmapi.dll
0x00007ffc634d0000 - 0x00007ffc63513000 	C:\WINDOWS\SYSTEM32\dxcore.dll
0x00007ffc60410000 - 0x00007ffc604b9000 	C:\WINDOWS\system32\uxtheme.dll
0x00007ffc0b5c0000 - 0x00007ffc0b85f000 	C:\WINDOWS\System32\DriverStore\FileRepository\iigd_dch.inf_amd64_0ef1b60d464b7740\igdumdim64.dll
0x00007ffc67c20000 - 0x00007ffc67db7000 	C:\WINDOWS\System32\ole32.dll
0x00007ffbf46c0000 - 0x00007ffbf6349000 	C:\WINDOWS\System32\DriverStore\FileRepository\iigd_dch.inf_amd64_0ef1b60d464b7740\igd9trinity64.dll
0x00007ffc60510000 - 0x00007ffc60651000 	C:\WINDOWS\system32\dxgi.dll
0x00007ffc59bf0000 - 0x00007ffc5a19b000 	C:\WINDOWS\System32\DriverStore\FileRepository\iigd_dch.inf_amd64_0ef1b60d464b7740\igdgmm64.dll
0x00007ffc548d0000 - 0x00007ffc59b70000 	C:\WINDOWS\System32\DriverStore\FileRepository\iigd_dch.inf_amd64_0ef1b60d464b7740\igc64.dll
0x00007ffc65850000 - 0x00007ffc658a1000 	C:\WINDOWS\SYSTEM32\CFGMGR32.dll
0x00007ffc5cb80000 - 0x00007ffc5cbe1000 	C:\WINDOWS\SYSTEM32\directxdatabasehelper.dll
0x00007ffbdb580000 - 0x00007ffbdcce4000 	C:\WINDOWS\System32\DriverStore\FileRepository\iigd_dch.inf_amd64_0ef1b60d464b7740\igd9dxva64.dll
0x00007ffc68ac0000 - 0x00007ffc68f47000 	C:\WINDOWS\System32\SETUPAPI.dll
0x00007ffc3c300000 - 0x00007ffc3e3d3000 	C:\WINDOWS\System32\DriverStore\FileRepository\iigd_dch.inf_amd64_0ef1b60d464b7740\media_bin_64.dll
0x00007ffc513d0000 - 0x00007ffc51494000 	C:\WINDOWS\System32\DriverStore\FileRepository\nvlt.inf_amd64_45df1d07baab9850\nvldumdx.dll
0x00007ffc65360000 - 0x00007ffc65373000 	C:\WINDOWS\SYSTEM32\msasn1.dll
0x00007ffc53bd0000 - 0x00007ffc53c0b000 	C:\WINDOWS\SYSTEM32\cryptnet.dll
0x00007ffc66df0000 - 0x00007ffc66f67000 	C:\WINDOWS\System32\CRYPT32.dll
0x00007ffc652f0000 - 0x00007ffc652fc000 	C:\WINDOWS\SYSTEM32\cryptbase.dll
0x00007ffc653d0000 - 0x00007ffc65438000 	C:\WINDOWS\SYSTEM32\wldp.dll
0x00007ffc53a50000 - 0x00007ffc53bc8000 	C:\WINDOWS\SYSTEM32\drvstore.dll
0x00007ffc658b0000 - 0x00007ffc658dd000 	C:\WINDOWS\SYSTEM32\devobj.dll
0x00007ffc67020000 - 0x00007ffc670a2000 	C:\WINDOWS\System32\wintrust.dll
0x00007ffc687f0000 - 0x00007ffc68810000 	C:\WINDOWS\System32\imagehlp.dll
0x00007ffc65300000 - 0x00007ffc6531b000 	C:\WINDOWS\SYSTEM32\CRYPTSP.dll
0x00007ffc64a00000 - 0x00007ffc64a39000 	C:\WINDOWS\system32\rsaenh.dll
0x00007ffc65ae0000 - 0x00007ffc65b0a000 	C:\WINDOWS\SYSTEM32\bcrypt.dll
0x00007ffc162f0000 - 0x00007ffc1a084000 	C:\WINDOWS\System32\DriverStore\FileRepository\nvlt.inf_amd64_45df1d07baab9850\nvgpucomp64.dll
0x00007ffc51020000 - 0x00007ffc510fe000 	C:\WINDOWS\System32\DriverStore\FileRepository\nvlt.inf_amd64_45df1d07baab9850\NvMemMapStoragex.dll
0x00007ffbd6810000 - 0x00007ffbd9315000 	C:\WINDOWS\System32\DriverStore\FileRepository\nvlt.inf_amd64_45df1d07baab9850\nvd3dumx.dll
0x00007ffc47bb0000 - 0x00007ffc47bf2000 	C:\Users\LENOVO\.openjfx\cache\21.0.2+5\amd64\glass.dll
0x00007ffc677f0000 - 0x00007ffc678df000 	C:\WINDOWS\System32\COMDLG32.dll
0x00007ffc671b0000 - 0x00007ffc6730c000 	C:\WINDOWS\System32\MSCTF.dll

dbghelp: loaded successfully - version: 4.0.5 - missing functions: none
symbol engine: initialized successfully - sym options: 0x614 - pdb path: .;C:\Program Files\jbr_jcef-17.0.8-windows-x64-b1000.8\bin;C:\WINDOWS\SYSTEM32;C:\WINDOWS\WinSxS\amd64_microsoft.windows.common-controls_6595b64144ccf1df_6.0.26100.8115_none_3e075c82e3354f9c;C:\Program Files\jbr_jcef-17.0.8-windows-x64-b1000.8\bin\server;C:\Users\LENOVO\.openjfx\cache\21.0.2+5\amd64;C:\WINDOWS\System32\DriverStore\FileRepository\iigd_dch.inf_amd64_0ef1b60d464b7740;C:\WINDOWS\System32\DriverStore\FileRepository\nvlt.inf_amd64_45df1d07baab9850;C:\Program Files\Common Files\Microsoft Shared\Ink

VM Arguments:
jvm_args: --enable-native-access=javafx.graphics --module-path=C:\Users\LENOVO\.m2\repository\org\openjfx\javafx-base\21.0.2\javafx-base-21.0.2-win.jar;C:\Users\LENOVO\.m2\repository\org\openjfx\javafx-base\21.0.2\javafx-base-21.0.2.jar;C:\Users\LENOVO\.m2\repository\org\openjfx\javafx-controls\21.0.2\javafx-controls-21.0.2-win.jar;C:\Users\LENOVO\.m2\repository\org\openjfx\javafx-controls\21.0.2\javafx-controls-21.0.2.jar;C:\Users\LENOVO\.m2\repository\org\openjfx\javafx-fxml\21.0.2\javafx-fxml-21.0.2-win.jar;C:\Users\LENOVO\.m2\repository\org\openjfx\javafx-fxml\21.0.2\javafx-fxml-21.0.2.jar;C:\Users\LENOVO\.m2\repository\org\openjfx\javafx-graphics\21.0.2\javafx-graphics-21.0.2-win.jar;C:\Users\LENOVO\.m2\repository\org\openjfx\javafx-graphics\21.0.2\javafx-graphics-21.0.2.jar;C:\Users\LENOVO\.m2\repository\org\openjfx\javafx-media\21.0.2\javafx-media-21.0.2-win.jar;C:\Users\LENOVO\.m2\repository\org\openjfx\javafx-media\21.0.2\javafx-media-21.0.2.jar --add-modules=javafx.base,javafx.controls,javafx.fxml,javafx.graphics,javafx.media 
java_command: org.example.mains.MainFX
java_class_path (initial): C:\Users\LENOVO\Desktop\oxyn_java\oxyn_java\target\classes;C:\Users\LENOVO\.m2\repository\com\cloudinary\cloudinary-core\1.36.0\cloudinary-core-1.36.0.jar;C:\Users\LENOVO\.m2\repository\com\cloudinary\cloudinary-http44\1.36.0\cloudinary-http44-1.36.0.jar;C:\Users\LENOVO\.m2\repository\com\google\code\gson\gson\2.10.1\gson-2.10.1.jar;C:\Users\LENOVO\.m2\repository\com\google\protobuf\protobuf-java\3.21.9\protobuf-java-3.21.9.jar;C:\Users\LENOVO\.m2\repository\com\mysql\mysql-connector-j\8.0.33\mysql-connector-j-8.0.33.jar;C:\Users\LENOVO\.m2\repository\commons-codec\commons-codec\1.9\commons-codec-1.9.jar;C:\Users\LENOVO\.m2\repository\commons-logging\commons-logging\1.2\commons-logging-1.2.jar;C:\Users\LENOVO\.m2\repository\org\apache\commons\commons-lang3\3.1\commons-lang3-3.1.jar;C:\Users\LENOVO\.m2\repository\org\apache\httpcomponents\httpclient\4.4\httpclient-4.4.jar;C:\Users\LENOVO\.m2\repository\org\apache\httpcomponents\httpcore\4.4\httpcore-4.4.jar;C:\Users\LENOVO\.m2\repository\org\apache\httpcomponents\httpmime\4.4\httpmime-4.4.jar;C:\Users\LENOVO\.m2\repository\org\kordamp\ikonli\ikonli-core\12.3.1\ikonli-core-12.3.1.jar;C:\Users\LENOVO\.m2\repository\org\kordamp\ikonli\ikonli-fontawesome5-pack\12.3.1\ikonli-fontawesome5-pack-12.3.1.jar;C:\Users\LENOVO\.m2\repository\org\kordamp\ikonli\ikonli-javafx\12.3.1\ikonli-javafx-12.3.1.jar;C:\Users\LENOVO\.m2\repository\org\mindrot\jbcrypt\0.4\jbcrypt-0.4.jar
Launcher Type: SUN_STANDARD

[Global flags]
     intx CICompilerCount                          = 12                                        {product} {ergonomic}
     uint ConcGCThreads                            = 4                                         {product} {ergonomic}
     uint G1ConcRefinementThreads                  = 15                                        {product} {ergonomic}
   size_t G1HeapRegionSize                         = 4194304                                   {product} {ergonomic}
    uintx GCDrainStackTargetSize                   = 64                                        {product} {ergonomic}
   size_t InitialHeapSize                          = 398458880                                 {product} {ergonomic}
   size_t MarkStackSize                            = 4194304                                   {product} {ergonomic}
   size_t MaxHeapSize                              = 6366953472                                {product} {ergonomic}
   size_t MaxNewSize                               = 3816816640                                {product} {ergonomic}
   size_t MinHeapDeltaBytes                        = 4194304                                   {product} {ergonomic}
   size_t MinHeapSize                              = 8388608                                   {product} {ergonomic}
    uintx NonNMethodCodeHeapSize                   = 7602480                                {pd product} {ergonomic}
    uintx NonProfiledCodeHeapSize                  = 122027880                              {pd product} {ergonomic}
    uintx ProfiledCodeHeapSize                     = 122027880                              {pd product} {ergonomic}
    uintx ReservedCodeCacheSize                    = 251658240                              {pd product} {ergonomic}
     bool SegmentedCodeCache                       = true                                      {product} {ergonomic}
   size_t SoftMaxHeapSize                          = 6366953472                             {manageable} {ergonomic}
     bool UseCompressedClassPointers               = true                           {product lp64_product} {ergonomic}
     bool UseCompressedOops                        = true                           {product lp64_product} {ergonomic}
     bool UseG1GC                                  = true                                      {product} {ergonomic}
     bool UseLargePagesIndividualAllocation        = false                                  {pd product} {ergonomic}

Logging:
Log output configuration:
 #0: stdout all=warning uptime,level,tags
 #1: stderr all=off uptime,level,tags

Environment Variables:
JAVA_HOME=C:\Program Files\jbr_jcef-17.0.8-windows-x64-b1000.8
PATH=C:\Program Files (x86)\VMware\VMware Workstation\bin\;C:\WINDOWS\system32;C:\WINDOWS;C:\WINDOWS\System32\Wbem;C:\WINDOWS\System32\WindowsPowerShell\v1.0\;C:\WINDOWS\System32\OpenSSH\;C:\Program Files\Git\cmd;C:\Program Files\nodejs\;C:\Program Files\MongoDB\Server\8.2\bin;C:\Program Files\MongoDB\Tools\100\bin;C:\php-8.2.30-nts-Win32-vs16-x64;C:\Program Files\jbr_jcef-17.0.8-windows-x64-b1000.8\bin;C:\xampp\php;C:\ProgramData\ComposerSetup\bin;C:\Users\LENOVO\scoop\shims;C:\Users\LENOVO\AppData\Local\Microsoft\WindowsApps;C:\Users\LENOVO\AppData\Local\Programs\Microsoft VS Code\bin;C:\php-8.2.30-nts-Win32-vs16-x64;C:\Users\LENOVO\AppData\Roaming\npm;C:\Program Files\mongosh\;C:\Users\LENOVO\AppData\Roaming\Composer\vendor\bin;C:\xampp\php;C:\Users\LENOVO\AppData\Local\Programs\Windsurf\bin;C:\Users\LENOVO\AppData\Local\Programs\Antigravity\bin
USERNAME=LENOVO
OS=Windows_NT
PROCESSOR_IDENTIFIER=Intel64 Family 6 Model 183 Stepping 1, GenuineIntel
TMP=C:\Users\LENOVO\AppData\Local\Temp
TEMP=C:\Users\LENOVO\AppData\Local\Temp


JNI global refs:
JNI global refs: 57, weak refs: 1

JNI global refs memory usage: 843, weak refs: 841

OOME stack traces (most recent first):
Classloader memory used:
Loader bootstrap                                                                       : 2737K
Loader jdk.internal.loader.ClassLoaders$AppClassLoader                                 : 2496K
Loader jdk.internal.loader.ClassLoaders$PlatformClassLoader                            : 95709B
Loader jdk.internal.reflect.DelegatingClassLoader                                      : 15187B
Loader com.sun.javafx.reflect.MethodUtil                                               : 510B


---------------  S Y S T E M  ---------------

OS:
 Windows 11 , 64 bit Build 26100 (10.0.26100.8246)
OS uptime: 3 days 4:01 hours

CPU: total 20 (initial active 20) (10 cores per cpu, 2 threads per core) family 6 model 183 stepping 1 microcode 0x129, cx8, cmov, fxsr, ht, mmx, 3dnowpref, sse, sse2, sse3, ssse3, sse4.1, sse4.2, popcnt, lzcnt, tsc, tscinvbit, avx, avx2, aes, erms, clmul, bmi1, bmi2, adx, sha, fma, vzeroupper, clflush, clflushopt, clwb
Processor Information for processor 0
  Max Mhz: 2600, Current Mhz: 2600, Mhz Limit: 2600
Processor Information for processor 1
  Max Mhz: 2600, Current Mhz: 2600, Mhz Limit: 2600
Processor Information for processor 2
  Max Mhz: 2600, Current Mhz: 2600, Mhz Limit: 2600
Processor Information for processor 3
  Max Mhz: 2600, Current Mhz: 2600, Mhz Limit: 2600
Processor Information for processor 4
  Max Mhz: 2600, Current Mhz: 2600, Mhz Limit: 2600
Processor Information for processor 5
  Max Mhz: 2600, Current Mhz: 2600, Mhz Limit: 2600
Processor Information for processor 6
  Max Mhz: 2600, Current Mhz: 2600, Mhz Limit: 2600
Processor Information for processor 7
  Max Mhz: 2600, Current Mhz: 2600, Mhz Limit: 2600
Processor Information for processor 8
  Max Mhz: 2600, Current Mhz: 2600, Mhz Limit: 2600
Processor Information for processor 9
  Max Mhz: 2600, Current Mhz: 1496, Mhz Limit: 2600
Processor Information for processor 10
  Max Mhz: 2600, Current Mhz: 2600, Mhz Limit: 2600
Processor Information for processor 11
  Max Mhz: 2600, Current Mhz: 2600, Mhz Limit: 2600
Processor Information for processor 12
  Max Mhz: 2600, Current Mhz: 2600, Mhz Limit: 2600
Processor Information for processor 13
  Max Mhz: 2600, Current Mhz: 2600, Mhz Limit: 2600
Processor Information for processor 14
  Max Mhz: 2600, Current Mhz: 2600, Mhz Limit: 2600
Processor Information for processor 15
  Max Mhz: 2600, Current Mhz: 2600, Mhz Limit: 2600
Processor Information for processor 16
  Max Mhz: 2600, Current Mhz: 2600, Mhz Limit: 2600
Processor Information for processor 17
  Max Mhz: 2600, Current Mhz: 2600, Mhz Limit: 2600
Processor Information for processor 18
  Max Mhz: 2600, Current Mhz: 2600, Mhz Limit: 2600
Processor Information for processor 19
  Max Mhz: 2600, Current Mhz: 2600, Mhz Limit: 2600

Memory: 4k page, system-wide physical 24283M (9087M free)
TotalPageFile size 25819M (AvailPageFile size 6939M)
current process WorkingSet (physical memory assigned to process): 608M, peak: 611M
current process commit charge ("private bytes"): 666M, peak: 726M

vm_info: OpenJDK 64-Bit Server VM (17.0.8+7-b1000.8) for windows-amd64 JRE (17.0.8+7-b1000.8), built on 2023-08-04 by "builduser" with MS VC++ 16.10 / 16.11 (VS2019)

END.
