#
# There is insufficient memory for the Java Runtime Environment to continue.
# Native memory allocation (mmap) failed to map 264241152 bytes. Error detail: G1 virtual space
# Possible reasons:
#   The system is out of physical RAM or swap space
#   This process is running with CompressedOops enabled, and the Java Heap may be blocking the growth of the native heap
# Possible solutions:
#   Reduce memory load on the system
#   Increase physical memory or swap space
#   Check if swap backing store is full
#   Decrease Java heap size (-Xmx/-Xms)
#   Decrease number of Java threads
#   Decrease Java thread stack sizes (-Xss)
#   Set larger code cache with -XX:ReservedCodeCacheSize=
#   JVM is running with Zero Based Compressed Oops mode in which the Java heap is
#     placed in the first 32GB address space. The Java Heap base address is the
#     maximum limit for the native heap growth. Please use -XX:HeapBaseMinAddress
#     to set the Java Heap base and to place the Java Heap above 32GB virtual address.
# This output file may be truncated or incomplete.
#
#  Out of Memory Error (os_windows.cpp:3830), pid=21076, tid=20004
#
# JRE version:  (17.0.14+1) (build )
# Java VM: OpenJDK 64-Bit Server VM (17.0.14+1-b1367.22, mixed mode, sharing, tiered, compressed oops, compressed class ptrs, g1 gc, windows-amd64)
# No core dump will be written. Minidumps are not enabled by default on client versions of Windows
#

---------------  S U M M A R Y ------------

Command Line: -Dclassworlds.conf=C:\ideaIU-2025.2.2.win\plugins\maven\lib\maven3\bin\m2.conf -Dmaven.home=C:\ideaIU-2025.2.2.win\plugins\maven\lib\maven3 -Dlibrary.jansi.path=C:\ideaIU-2025.2.2.win\plugins\maven\lib\maven3\lib\jansi-native -Dmaven.multiModuleProjectDirectory=C:\Users\amine\IdeaProjects\backup7API\oxyn_java org.codehaus.plexus.classworlds.launcher.Launcher -q -f C:\Users\amine\IdeaProjects\backup7API\oxyn_java\pom.xml clean test -DskipTests

Host: 12th Gen Intel(R) Core(TM) i7-1255U, 12 cores, 15G,  Windows 11 , 64 bit Build 26100 (10.0.26100.8246)
Time: Mon Apr 27 21:38:30 2026 Afr. centrale Ouest elapsed time: 1.499524 seconds (0d 0h 0m 1s)

---------------  T H R E A D  ---------------

Current thread (0x000001e5e779a750):  JavaThread "Unknown thread" [_thread_in_vm, id=20004, stack(0x000000a9a0b00000,0x000000a9a0c00000)]

Stack: [0x000000a9a0b00000,0x000000a9a0c00000]
Native frames: (J=compiled Java code, j=interpreted, Vv=VM code, C=native code)
V  [jvm.dll+0x68b969]  os::platform_print_native_stack+0xd9  (os_windows_x86.cpp:235)
V  [jvm.dll+0x84572a]  VMError::report+0xc6a  (vmError.cpp:868)
V  [jvm.dll+0x8473ae]  VMError::report_and_die+0x78e  (vmError.cpp:1766)
V  [jvm.dll+0x847a13]  VMError::report_and_die+0x43  (vmError.cpp:1552)
V  [jvm.dll+0x24a83f]  report_vm_out_of_memory+0x8f  (debug.cpp:321)
V  [jvm.dll+0x688629]  os::pd_commit_memory_or_exit+0xc9  (os_windows.cpp:3838)
V  [jvm.dll+0x67cf3a]  os::commit_memory_or_exit+0x2a  (os.cpp:1768)
V  [jvm.dll+0x30b83b]  G1PageBasedVirtualSpace::commit+0x19b  (g1PageBasedVirtualSpace.cpp:204)
V  [jvm.dll+0x312d26]  G1RegionsLargerThanCommitSizeMapper::commit_regions+0x96  (g1RegionToSpaceMapper.cpp:100)
V  [jvm.dll+0x3630fe]  HeapRegionManager::expand_any+0xee  (heapRegionManager.cpp:363)
V  [jvm.dll+0x36333f]  HeapRegionManager::expand_by+0x7f  (heapRegionManager.cpp:380)
V  [jvm.dll+0x2e18cc]  G1CollectedHeap::expand+0xbc  (g1CollectedHeap.cpp:1292)
V  [jvm.dll+0x2e2824]  G1CollectedHeap::initialize+0x664  (g1CollectedHeap.cpp:1713)
V  [jvm.dll+0x815ffb]  universe_init+0xbb  (universe.cpp:737)
V  [jvm.dll+0x370e88]  init_globals+0x48  (init.cpp:131)
V  [jvm.dll+0x7f4875]  Threads::create_vm+0x5e5  (thread.cpp:2909)
V  [jvm.dll+0x3f54ef]  JNI_CreateJavaVM_inner+0x8f  (jni.cpp:3654)
V  [jvm.dll+0x3f70c1]  JNI_CreateJavaVM+0x11  (jni.cpp:3746)
C  [jli.dll+0x52ab]  JavaMain+0x113  (java.c:413)
C  [ucrtbase.dll+0x37b0]
C  [KERNEL32.DLL+0x2e8d7]
C  [ntdll.dll+0x8c3fc]


---------------  P R O C E S S  ---------------

Threads class SMR info:
_java_thread_list=0x00007ffdfd799018, length=0, elements={
}

Java Threads: ( => current thread )

Other Threads:
  0x000001e5e7808d00 GCTaskThread "GC Thread#0" [stack: 0x000000a9a0c00000,0x000000a9a0d00000] [id=23060]
  0x000001e5e7819770 ConcurrentGCThread "G1 Main Marker" [stack: 0x000000a9a0d00000,0x000000a9a0e00000] [id=22732]
  0x000001e5e781a190 ConcurrentGCThread "G1 Conc#0" [stack: 0x000000a9a0e00000,0x000000a9a0f00000] [id=24312]

[error occurred during error reporting (printing all threads), id 0xc0000005, EXCEPTION_ACCESS_VIOLATION (0xc0000005) at pc=0x00007ffdfcf42197]

VM state: not at safepoint (not fully initialized)

VM Mutex/Monitor currently owned by a thread:  ([mutex/lock_event])
[0x000001e5e7794e60] Heap_lock - owner thread: 0x000001e5e779a750

Heap address: 0x0000000704e00000, size: 4018 MB, Compressed Oops mode: Zero based, Oop shift amount: 3

CDS archive(s) mapped at: [0x0000000000000000-0x0000000000000000-0x0000000000000000), size 0, SharedBaseAddress: 0x0000000800000000, ArchiveRelocationMode: 1.
Narrow klass base: 0x0000000000000000, Narrow klass shift: 0, Narrow klass range: 0x0

GC Precious Log:
<Empty>

Heap:
 garbage-first heap   total 0K, used 0K [0x0000000704e00000, 0x0000000800000000)
  region size 2048K, 0 young (0K), 0 survivors (0K)
 Metaspace       used 0K, committed 0K, reserved 0K
  class space    used 0K, committed 0K, reserved 0K

Heap Regions: E=young(eden), S=young(survivor), O=old, HS=humongous(starts), HC=humongous(continues), CS=collection set, F=free, OA=open archive, CA=closed archive, TAMS=top-at-mark-start (previous, next)

Card table byte_map: [0x000001e5fc9e0000,0x000001e5fd1c0000] _byte_map_base: 0x000001e5f91b9000

Marking Bits (Prev, Next): (CMBitMap*) 0x000001e5e7809330, (CMBitMap*) 0x000001e5e7809370
 Prev Bits: [0x000001e580000000, 0x000001e583ec8000)
 Next Bits: [0x000001e583ed0000, 0x000001e587d98000)

GC Heap History (0 events):
No events

Dll operation events (1 events):
Event: 0.007 Loaded shared library C:\Users\amine\.jdks\jbr-17.0.14\bin\java.dll

Deoptimization events (0 events):
No events

Classes loaded (0 events):
No events

Classes unloaded (0 events):
No events

Classes redefined (0 events):
No events

Internal exceptions (0 events):
No events

VM Operations (0 events):
No events

Memory protections (0 events):
No events

Nmethod flushes (0 events):
No events

Events (0 events):
No events


Dynamic libraries:
0x00007ff609cb0000 - 0x00007ff609cba000 	C:\Users\amine\.jdks\jbr-17.0.14\bin\java.exe
0x00007ffe82380000 - 0x00007ffe825e7000 	C:\WINDOWS\SYSTEM32\ntdll.dll
0x00007ffe80f60000 - 0x00007ffe81029000 	C:\WINDOWS\System32\KERNEL32.DLL
0x00007ffe7f140000 - 0x00007ffe7f534000 	C:\WINDOWS\System32\KERNELBASE.dll
0x00007ffe7eeb0000 - 0x00007ffe7effb000 	C:\WINDOWS\System32\ucrtbase.dll
0x00007ffe47730000 - 0x00007ffe47747000 	C:\Users\amine\.jdks\jbr-17.0.14\bin\jli.dll
0x00007ffe472c0000 - 0x00007ffe472db000 	C:\Users\amine\.jdks\jbr-17.0.14\bin\VCRUNTIME140.dll
0x00007ffe80200000 - 0x00007ffe803c5000 	C:\WINDOWS\System32\USER32.dll
0x00007ffe63270000 - 0x00007ffe63503000 	C:\WINDOWS\WinSxS\amd64_microsoft.windows.common-controls_6595b64144ccf1df_6.0.26100.8115_none_3e075c82e3354f9c\COMCTL32.dll
0x00007ffe7ec50000 - 0x00007ffe7ec77000 	C:\WINDOWS\System32\win32u.dll
0x00007ffe80670000 - 0x00007ffe80719000 	C:\WINDOWS\System32\msvcrt.dll
0x00007ffe82170000 - 0x00007ffe8219b000 	C:\WINDOWS\System32\GDI32.dll
0x00007ffe7f540000 - 0x00007ffe7f66b000 	C:\WINDOWS\System32\gdi32full.dll
0x00007ffe7ec80000 - 0x00007ffe7ed23000 	C:\WINDOWS\System32\msvcp_win.dll
0x00007ffe81ca0000 - 0x00007ffe81cd2000 	C:\WINDOWS\System32\IMM32.DLL
0x00007ffe6d530000 - 0x00007ffe6d53c000 	C:\Users\amine\.jdks\jbr-17.0.14\bin\vcruntime140_1.dll
0x00007ffe43e20000 - 0x00007ffe43ead000 	C:\Users\amine\.jdks\jbr-17.0.14\bin\msvcp140.dll
0x00007ffdfcc50000 - 0x00007ffdfd8de000 	C:\Users\amine\.jdks\jbr-17.0.14\bin\server\jvm.dll
0x00007ffe80ea0000 - 0x00007ffe80f56000 	C:\WINDOWS\System32\ADVAPI32.dll
0x00007ffe811f0000 - 0x00007ffe81297000 	C:\WINDOWS\System32\sechost.dll
0x00007ffe804e0000 - 0x00007ffe805f8000 	C:\WINDOWS\System32\RPCRT4.dll
0x00007ffe80120000 - 0x00007ffe801a0000 	C:\WINDOWS\System32\WS2_32.dll
0x00007ffe7eab0000 - 0x00007ffe7eb0e000 	C:\WINDOWS\SYSTEM32\POWRPROF.dll
0x00007ffe77380000 - 0x00007ffe773b6000 	C:\WINDOWS\SYSTEM32\WINMM.dll
0x00007ffe640b0000 - 0x00007ffe640bb000 	C:\WINDOWS\SYSTEM32\VERSION.dll
0x00007ffe7ea90000 - 0x00007ffe7eaa4000 	C:\WINDOWS\SYSTEM32\UMPDC.dll
0x00007ffe7d9e0000 - 0x00007ffe7d9fb000 	C:\WINDOWS\SYSTEM32\kernel.appcore.dll
0x00007ffe6c060000 - 0x00007ffe6c06a000 	C:\Users\amine\.jdks\jbr-17.0.14\bin\jimage.dll
0x00007ffe7cb40000 - 0x00007ffe7cd82000 	C:\WINDOWS\SYSTEM32\DBGHELP.DLL
0x00007ffe81790000 - 0x00007ffe81b12000 	C:\WINDOWS\System32\combase.dll
0x00007ffe81110000 - 0x00007ffe811e8000 	C:\WINDOWS\System32\OLEAUT32.dll
0x00007ffe76fe0000 - 0x00007ffe7701b000 	C:\WINDOWS\SYSTEM32\dbgcore.DLL
0x00007ffe7f000000 - 0x00007ffe7f0a5000 	C:\WINDOWS\System32\bcryptPrimitives.dll
0x00007ffe47260000 - 0x00007ffe47285000 	C:\Users\amine\.jdks\jbr-17.0.14\bin\java.dll

dbghelp: loaded successfully - version: 4.0.5 - missing functions: none
symbol engine: initialized successfully - sym options: 0x614 - pdb path: .;C:\Users\amine\.jdks\jbr-17.0.14\bin;C:\WINDOWS\SYSTEM32;C:\WINDOWS\WinSxS\amd64_microsoft.windows.common-controls_6595b64144ccf1df_6.0.26100.8115_none_3e075c82e3354f9c;C:\Users\amine\.jdks\jbr-17.0.14\bin\server

VM Arguments:
jvm_args: -Dclassworlds.conf=C:\ideaIU-2025.2.2.win\plugins\maven\lib\maven3\bin\m2.conf -Dmaven.home=C:\ideaIU-2025.2.2.win\plugins\maven\lib\maven3 -Dlibrary.jansi.path=C:\ideaIU-2025.2.2.win\plugins\maven\lib\maven3\lib\jansi-native -Dmaven.multiModuleProjectDirectory=C:\Users\amine\IdeaProjects\backup7API\oxyn_java 
java_command: org.codehaus.plexus.classworlds.launcher.Launcher -q -f C:\Users\amine\IdeaProjects\backup7API\oxyn_java\pom.xml clean test -DskipTests
java_class_path (initial): C:\ideaIU-2025.2.2.win\plugins\maven\lib\maven3\boot\plexus-classworlds-2.8.0.jar
Launcher Type: SUN_STANDARD

[Global flags]
     intx CICompilerCount                          = 4                                         {product} {ergonomic}
     uint ConcGCThreads                            = 3                                         {product} {ergonomic}
     uint G1ConcRefinementThreads                  = 10                                        {product} {ergonomic}
   size_t G1HeapRegionSize                         = 2097152                                   {product} {ergonomic}
    uintx GCDrainStackTargetSize                   = 64                                        {product} {ergonomic}
   size_t InitialHeapSize                          = 264241152                                 {product} {ergonomic}
   size_t MarkStackSize                            = 4194304                                   {product} {ergonomic}
   size_t MaxHeapSize                              = 4213178368                                {product} {ergonomic}
   size_t MinHeapDeltaBytes                        = 2097152                                   {product} {ergonomic}
   size_t MinHeapSize                              = 8388608                                   {product} {ergonomic}
    uintx NonNMethodCodeHeapSize                   = 5839372                                {pd product} {ergonomic}
    uintx NonProfiledCodeHeapSize                  = 122909434                              {pd product} {ergonomic}
    uintx ProfiledCodeHeapSize                     = 122909434                              {pd product} {ergonomic}
    uintx ReservedCodeCacheSize                    = 251658240                              {pd product} {ergonomic}
     bool SegmentedCodeCache                       = true                                      {product} {ergonomic}
   size_t SoftMaxHeapSize                          = 4213178368                             {manageable} {ergonomic}
     bool UseCompressedClassPointers               = true                           {product lp64_product} {ergonomic}
     bool UseCompressedOops                        = true                           {product lp64_product} {ergonomic}
     bool UseG1GC                                  = true                                      {product} {ergonomic}
     bool UseLargePagesIndividualAllocation        = false                                  {pd product} {ergonomic}

Logging:
Log output configuration:
 #0: stdout all=warning uptime,level,tags
 #1: stderr all=off uptime,level,tags

Environment Variables:
PATH=c:\Users\amine\AppData\Local\Programs\cursor\resources\app\resources\helpers;C:\xampp\php;C:\Users\amine\.jdks\jbr-17.0.14\bin;C:\oraclexe\app\oracle\product\11.2.0\server\bin;C:\oraclexe\app\oracle\product\11.2.0\server\bin;C:\Program Files (x86)\NVIDIA Corporation\PhysX\Common;C:\Program Files (x86)\VMware\VMware Workstation\bin\;C:\WINDOWS\system32;C:\WINDOWS;C:\WINDOWS\System32\Wbem;C:\WINDOWS\System32\WindowsPowerShell\v1.0\;C:\WINDOWS\System32\OpenSSH\;C:\Program Files\dotnet\;C:\Program Files\Git\cmd;C:\Program Files\nodejs\;C:\ProgramData\ComposerSetup\bin;C:\Program Files\Docker\Docker\resources\bin;C:\Users\amine;C:\Users\amine\apache-maven-3.9.15\bin;C:\Users\amine\AppData\Local\Programs\Python\Python312\Scripts\;C:\Users\amine\AppData\Local\Programs\Python\Python312\;C:\Users\amine\AppData\Local\Programs\Python\Launcher\;C:\Users\amine\scoop\shims;C:\Users\amine\AppData\Local\Microsoft\WindowsApps;C:\Users\amine\AppData\Local\Programs\Microsoft VS Code\bin;C:\Users\amine\AppData\Roaming\npm;C:\Users\amine\AppData\Roaming\Composer\vendor\bin;C:\Users\amine\AppData\Local\Programs\cursor\resources\app\bin;C:\Users\amine\AppData\Local\Python\bin;C:\Users\amine\AppData\Local\Programs\Antigravity\bin;C:\Users\amine\AppData\Local\Programs\Windsurf\bin
USERNAME=Yacin
TERM=dumb
OS=Windows_NT
PROCESSOR_IDENTIFIER=Intel64 Family 6 Model 154 Stepping 4, GenuineIntel
TMP=C:\Users\amine\AppData\Local\Temp
TEMP=C:\Users\amine\AppData\Local\Temp



Periodic native trim disabled

JNI global refs:
JNI global refs: 0, weak refs: 0

JNI global refs memory usage: 0, weak refs: 0

Process memory usage:
Resident Set Size: 52116K (0% of 16454388K total physical memory with 3175624K free physical memory)

OOME stack traces (most recent first):
Classloader memory used:


---------------  S Y S T E M  ---------------

OS:
 Windows 11 , 64 bit Build 26100 (10.0.26100.8246)
OS uptime: 0 days 23:37 hours
Hyper-V role detected

CPU: total 12 (initial active 12) (6 cores per cpu, 2 threads per core) family 6 model 154 stepping 4 microcode 0x437, cx8, cmov, fxsr, ht, mmx, 3dnowpref, sse, sse2, sse3, ssse3, sse4.1, sse4.2, popcnt, lzcnt, tsc, tscinvbit, avx, avx2, aes, erms, clmul, bmi1, bmi2, adx, sha, fma, vzeroupper, clflush, clflushopt, clwb, hv
Processor Information for processor 0
  Max Mhz: 1700, Current Mhz: 1700, Mhz Limit: 1700
Processor Information for processor 1
  Max Mhz: 1700, Current Mhz: 1700, Mhz Limit: 1700
Processor Information for processor 2
  Max Mhz: 1700, Current Mhz: 1457, Mhz Limit: 1700
Processor Information for processor 3
  Max Mhz: 1700, Current Mhz: 1700, Mhz Limit: 1700
Processor Information for processor 4
  Max Mhz: 1700, Current Mhz: 1700, Mhz Limit: 1700
Processor Information for processor 5
  Max Mhz: 1700, Current Mhz: 1700, Mhz Limit: 1700
Processor Information for processor 6
  Max Mhz: 1700, Current Mhz: 1700, Mhz Limit: 1700
Processor Information for processor 7
  Max Mhz: 1700, Current Mhz: 1558, Mhz Limit: 1700
Processor Information for processor 8
  Max Mhz: 1700, Current Mhz: 1558, Mhz Limit: 1700
Processor Information for processor 9
  Max Mhz: 1700, Current Mhz: 1700, Mhz Limit: 1700
Processor Information for processor 10
  Max Mhz: 1700, Current Mhz: 1700, Mhz Limit: 1700
Processor Information for processor 11
  Max Mhz: 1700, Current Mhz: 1700, Mhz Limit: 1700

Memory: 4k page, system-wide physical 16068M (3101M free)
TotalPageFile size 43291M (AvailPageFile size 42M)
current process WorkingSet (physical memory assigned to process): 50M, peak: 50M
current process commit charge ("private bytes"): 102M, peak: 316M

vm_info: OpenJDK 64-Bit Server VM (17.0.14+1-b1367.22) for windows-amd64 JRE (17.0.14+1-b1367.22), built on 2025-01-30 by "builduser" with MS VC++ 16.10 / 16.11 (VS2019)

END.
